2025-08-30 09:49:00,313 - INFO - Authenticating to Odoo...
2025-08-30 09:49:01,247 - INFO - ✅ Odoo authentication successful. UID: 614
2025-08-30 09:49:01,248 - INFO - --- Generating Historical Inventory Snapshots ---
2025-08-30 09:49:01,249 - INFO - --- Period: 2025-08-01 to 2025-08-05 ---
2025-08-30 09:49:01,250 - INFO - Fetching list of all storable products...
2025-08-30 09:49:01,749 - INFO - Found 33630 products to process.
2025-08-30 09:49:01,750 - INFO - 📦 Fetching inventory snapshot for date: 2025-08-01...
2025-08-30 09:49:01,751 - INFO -   -> Processing product batch 1 of 34...
2025-08-30 09:49:02,165 - INFO -   -> Processing product batch 2 of 34...
2025-08-30 09:49:02,611 - INFO -   -> Processing product batch 3 of 34...
2025-08-30 09:49:03,203 - INFO -   -> Processing product batch 4 of 34...
2025-08-30 09:49:03,811 - INFO -   -> Processing product batch 5 of 34...
2025-08-30 09:49:04,416 - INFO -   -> Processing product batch 6 of 34...
2025-08-30 09:49:04,985 - INFO -   -> Processing product batch 7 of 34...
2025-08-30 09:49:05,577 - INFO -   -> Processing product batch 8 of 34...
2025-08-30 09:49:06,177 - INFO -   -> Processing product batch 9 of 34...
2025-08-30 09:49:06,738 - INFO -   -> Processing product batch 10 of 34...
2025-08-30 09:49:07,286 - INFO -   -> Processing product batch 11 of 34...
2025-08-30 09:49:07,875 - INFO -   -> Processing product batch 12 of 34...
2025-08-30 09:49:08,434 - INFO -   -> Processing product batch 13 of 34...
2025-08-30 09:49:08,986 - INFO -   -> Processing product batch 14 of 34...
2025-08-30 09:49:09,574 - INFO -   -> Processing product batch 15 of 34...
2025-08-30 09:49:10,134 - INFO -   -> Processing product batch 16 of 34...
2025-08-30 09:49:10,731 - INFO -   -> Processing product batch 17 of 34...
2025-08-30 09:49:11,345 - INFO -   -> Processing product batch 18 of 34...
2025-08-30 09:49:11,910 - INFO -   -> Processing product batch 19 of 34...
2025-08-30 09:49:12,500 - INFO -   -> Processing product batch 20 of 34...
2025-08-30 09:49:13,020 - INFO -   -> Processing product batch 21 of 34...
2025-08-30 09:49:13,655 - INFO -   -> Processing product batch 22 of 34...
2025-08-30 09:49:14,113 - INFO -   -> Processing product batch 23 of 34...
2025-08-30 09:49:15,756 - INFO -   -> Processing product batch 24 of 34...
2025-08-30 09:49:16,435 - INFO -   -> Processing product batch 25 of 34...
2025-08-30 09:49:17,052 - INFO -   -> Processing product batch 26 of 34...
2025-08-30 09:49:17,651 - INFO -   -> Processing product batch 27 of 34...
2025-08-30 09:49:18,214 - INFO -   -> Processing product batch 28 of 34...
2025-08-30 09:49:18,756 - INFO -   -> Processing product batch 29 of 34...
2025-08-30 09:49:19,330 - INFO -   -> Processing product batch 30 of 34...
2025-08-30 09:49:19,876 - INFO -   -> Processing product batch 31 of 34...
2025-08-30 09:49:20,400 - INFO -   -> Processing product batch 32 of 34...
2025-08-30 09:49:21,003 - INFO -   -> Processing product batch 33 of 34...
2025-08-30 09:49:21,594 - INFO -   -> Processing product batch 34 of 34...
2025-08-30 09:49:21,925 - INFO - ✅ Snapshot for 2025-08-01 complete.
2025-08-30 09:49:21,926 - INFO - 📦 Fetching inventory snapshot for date: 2025-08-02...
2025-08-30 09:49:21,927 - INFO -   -> Processing product batch 1 of 34...
2025-08-30 09:49:22,503 - INFO -   -> Processing product batch 2 of 34...
2025-08-30 09:49:23,068 - INFO -   -> Processing product batch 3 of 34...
2025-08-30 09:49:23,688 - INFO -   -> Processing product batch 4 of 34...
2025-08-30 09:49:24,302 - INFO -   -> Processing product batch 5 of 34...
2025-08-30 09:49:24,900 - INFO -   -> Processing product batch 6 of 34...
2025-08-30 09:49:25,462 - INFO -   -> Processing product batch 7 of 34...
2025-08-30 09:49:26,090 - INFO -   -> Processing product batch 8 of 34...
2025-08-30 09:49:26,837 - INFO -   -> Processing product batch 9 of 34...
2025-08-30 09:49:27,433 - INFO -   -> Processing product batch 10 of 34...
2025-08-30 09:49:27,978 - INFO -   -> Processing product batch 11 of 34...
2025-08-30 09:49:28,577 - INFO -   -> Processing product batch 12 of 34...
2025-08-30 09:49:29,146 - INFO -   -> Processing product batch 13 of 34...
2025-08-30 09:49:29,773 - INFO -   -> Processing product batch 14 of 34...
2025-08-30 09:49:30,408 - INFO -   -> Processing product batch 15 of 34...
2025-08-30 09:49:30,985 - INFO -   -> Processing product batch 16 of 34...
2025-08-30 09:49:31,720 - INFO -   -> Processing product batch 17 of 34...
2025-08-30 09:49:32,483 - INFO -   -> Processing product batch 18 of 34...
2025-08-30 09:49:33,148 - INFO -   -> Processing product batch 19 of 34...
2025-08-30 09:49:33,795 - INFO -   -> Processing product batch 20 of 34...
2025-08-30 09:49:34,457 - INFO -   -> Processing product batch 21 of 34...
2025-08-30 09:49:35,159 - INFO -   -> Processing product batch 22 of 34...
2025-08-30 09:49:35,704 - INFO -   -> Processing product batch 23 of 34...
2025-08-30 09:49:36,378 - INFO -   -> Processing product batch 24 of 34...
2025-08-30 09:49:37,007 - INFO -   -> Processing product batch 25 of 34...
2025-08-30 09:49:37,753 - INFO -   -> Processing product batch 26 of 34...
2025-08-30 09:49:38,486 - INFO -   -> Processing product batch 27 of 34...
2025-08-30 09:49:39,043 - INFO -   -> Processing product batch 28 of 34...
2025-08-30 09:49:39,613 - INFO -   -> Processing product batch 29 of 34...
2025-08-30 09:49:40,158 - INFO -   -> Processing product batch 30 of 34...
2025-08-30 09:49:40,739 - INFO -   -> Processing product batch 31 of 34...
2025-08-30 09:49:41,329 - INFO -   -> Processing product batch 32 of 34...
2025-08-30 09:49:41,912 - INFO -   -> Processing product batch 33 of 34...
2025-08-30 09:49:42,455 - INFO -   -> Processing product batch 34 of 34...
2025-08-30 09:49:42,774 - INFO - ✅ Snapshot for 2025-08-02 complete.
2025-08-30 09:49:42,777 - INFO - 📦 Fetching inventory snapshot for date: 2025-08-03...
2025-08-30 09:49:42,778 - INFO -   -> Processing product batch 1 of 34...
2025-08-30 09:49:43,366 - INFO -   -> Processing product batch 2 of 34...
2025-08-30 09:49:44,030 - INFO -   -> Processing product batch 3 of 34...
2025-08-30 09:49:44,653 - INFO -   -> Processing product batch 4 of 34...
2025-08-30 09:49:45,273 - INFO -   -> Processing product batch 5 of 34...
2025-08-30 09:49:45,881 - INFO -   -> Processing product batch 6 of 34...
2025-08-30 09:49:46,440 - INFO -   -> Processing product batch 7 of 34...
2025-08-30 09:49:47,032 - INFO -   -> Processing product batch 8 of 34...
2025-08-30 09:49:47,672 - INFO -   -> Processing product batch 9 of 34...
2025-08-30 09:49:48,228 - INFO -   -> Processing product batch 10 of 34...
2025-08-30 09:49:48,790 - INFO -   -> Processing product batch 11 of 34...
2025-08-30 09:49:49,512 - INFO -   -> Processing product batch 12 of 34...
2025-08-30 09:49:50,080 - INFO -   -> Processing product batch 13 of 34...
2025-08-30 09:49:50,648 - INFO -   -> Processing product batch 14 of 34...
2025-08-30 09:49:51,232 - INFO -   -> Processing product batch 15 of 34...
2025-08-30 09:49:51,799 - INFO -   -> Processing product batch 16 of 34...
2025-08-30 09:49:52,400 - INFO -   -> Processing product batch 17 of 34...
2025-08-30 09:49:52,999 - INFO -   -> Processing product batch 18 of 34...
2025-08-30 09:49:53,575 - INFO -   -> Processing product batch 19 of 34...
2025-08-30 09:49:54,151 - INFO -   -> Processing product batch 20 of 34...
2025-08-30 09:49:54,769 - INFO -   -> Processing product batch 21 of 34...
2025-08-30 09:49:55,365 - INFO -   -> Processing product batch 22 of 34...
2025-08-30 09:49:55,904 - INFO -   -> Processing product batch 23 of 34...
2025-08-30 09:49:56,459 - INFO -   -> Processing product batch 24 of 34...
2025-08-30 09:49:57,053 - INFO -   -> Processing product batch 25 of 34...
2025-08-30 09:49:57,672 - INFO -   -> Processing product batch 26 of 34...
2025-08-30 09:49:58,255 - INFO -   -> Processing product batch 27 of 34...
2025-08-30 09:49:58,820 - INFO -   -> Processing product batch 28 of 34...
2025-08-30 09:49:59,390 - INFO -   -> Processing product batch 29 of 34...
2025-08-30 09:49:59,979 - INFO -   -> Processing product batch 30 of 34...
2025-08-30 09:50:00,634 - INFO -   -> Processing product batch 31 of 34...
2025-08-30 09:50:01,166 - INFO -   -> Processing product batch 32 of 34...
2025-08-30 09:50:01,700 - INFO -   -> Processing product batch 33 of 34...
2025-08-30 09:50:02,261 - INFO -   -> Processing product batch 34 of 34...
2025-08-30 09:50:02,594 - INFO - ✅ Snapshot for 2025-08-03 complete.
2025-08-30 09:50:02,597 - INFO - 📦 Fetching inventory snapshot for date: 2025-08-04...
2025-08-30 09:50:02,597 - INFO -   -> Processing product batch 1 of 34...
2025-08-30 09:50:03,162 - INFO -   -> Processing product batch 2 of 34...
2025-08-30 09:50:03,718 - INFO -   -> Processing product batch 3 of 34...
2025-08-30 09:50:04,356 - INFO -   -> Processing product batch 4 of 34...
2025-08-30 09:50:04,937 - INFO -   -> Processing product batch 5 of 34...
2025-08-30 09:50:05,534 - INFO -   -> Processing product batch 6 of 34...
2025-08-30 09:50:06,083 - INFO -   -> Processing product batch 7 of 34...
2025-08-30 09:50:06,674 - INFO -   -> Processing product batch 8 of 34...
2025-08-30 09:50:07,296 - INFO -   -> Processing product batch 9 of 34...
2025-08-30 09:50:07,891 - INFO -   -> Processing product batch 10 of 34...
2025-08-30 09:50:08,438 - INFO -   -> Processing product batch 11 of 34...
2025-08-30 09:50:09,023 - INFO -   -> Processing product batch 12 of 34...
2025-08-30 09:50:09,588 - INFO -   -> Processing product batch 13 of 34...
2025-08-30 09:50:10,299 - INFO -   -> Processing product batch 14 of 34...
2025-08-30 09:50:10,929 - INFO -   -> Processing product batch 15 of 34...
2025-08-30 09:50:11,517 - INFO -   -> Processing product batch 16 of 34...
2025-08-30 09:50:12,140 - INFO -   -> Processing product batch 17 of 34...
2025-08-30 09:50:12,734 - INFO -   -> Processing product batch 18 of 34...
2025-08-30 09:50:13,286 - INFO -   -> Processing product batch 19 of 34...
2025-08-30 09:50:13,866 - INFO -   -> Processing product batch 20 of 34...
2025-08-30 09:50:14,472 - INFO -   -> Processing product batch 21 of 34...
2025-08-30 09:50:15,069 - INFO -   -> Processing product batch 22 of 34...
2025-08-30 09:50:15,633 - INFO -   -> Processing product batch 23 of 34...
2025-08-30 09:50:16,188 - INFO -   -> Processing product batch 24 of 34...
2025-08-30 09:50:16,777 - INFO -   -> Processing product batch 25 of 34...
2025-08-30 09:50:17,397 - INFO -   -> Processing product batch 26 of 34...
2025-08-30 09:50:17,984 - INFO -   -> Processing product batch 27 of 34...
2025-08-30 09:50:18,521 - INFO -   -> Processing product batch 28 of 34...
2025-08-30 09:50:19,050 - INFO -   -> Processing product batch 29 of 34...
2025-08-30 09:50:19,715 - INFO -   -> Processing product batch 30 of 34...
2025-08-30 09:50:20,269 - INFO -   -> Processing product batch 31 of 34...
2025-08-30 09:50:20,803 - INFO -   -> Processing product batch 32 of 34...
2025-08-30 09:50:21,375 - INFO -   -> Processing product batch 33 of 34...
2025-08-30 09:50:21,910 - INFO -   -> Processing product batch 34 of 34...
2025-08-30 09:50:22,228 - INFO - ✅ Snapshot for 2025-08-04 complete.
2025-08-30 09:50:22,231 - INFO - 📦 Fetching inventory snapshot for date: 2025-08-05...
2025-08-30 09:50:22,232 - INFO -   -> Processing product batch 1 of 34...
2025-08-30 09:50:22,779 - INFO -   -> Processing product batch 2 of 34...
2025-08-30 09:50:23,334 - INFO -   -> Processing product batch 3 of 34...
2025-08-30 09:50:23,942 - INFO -   -> Processing product batch 4 of 34...
2025-08-30 09:50:24,513 - INFO -   -> Processing product batch 5 of 34...
2025-08-30 09:50:25,151 - INFO -   -> Processing product batch 6 of 34...
2025-08-30 09:50:25,707 - INFO -   -> Processing product batch 7 of 34...
2025-08-30 09:50:26,304 - INFO -   -> Processing product batch 8 of 34...
2025-08-30 09:50:26,921 - INFO -   -> Processing product batch 9 of 34...
2025-08-30 09:50:27,567 - INFO -   -> Processing product batch 10 of 34...
2025-08-30 09:50:28,126 - INFO -   -> Processing product batch 11 of 34...
2025-08-30 09:50:28,721 - INFO -   -> Processing product batch 12 of 34...
2025-08-30 09:50:29,274 - INFO -   -> Processing product batch 13 of 34...
2025-08-30 09:50:29,860 - INFO -   -> Processing product batch 14 of 34...
2025-08-30 09:50:30,440 - INFO -   -> Processing product batch 15 of 34...
2025-08-30 09:50:31,032 - INFO -   -> Processing product batch 16 of 34...
2025-08-30 09:50:31,750 - INFO -   -> Processing product batch 17 of 34...
2025-08-30 09:50:32,420 - INFO -   -> Processing product batch 18 of 34...
2025-08-30 09:50:32,993 - INFO -   -> Processing product batch 19 of 34...
2025-08-30 09:50:33,718 - INFO -   -> Processing product batch 20 of 34...
2025-08-30 09:50:34,476 - INFO -   -> Processing product batch 21 of 34...
2025-08-30 09:50:35,104 - INFO -   -> Processing product batch 22 of 34...
2025-08-30 09:50:35,662 - INFO -   -> Processing product batch 23 of 34...
2025-08-30 09:50:36,204 - INFO -   -> Processing product batch 24 of 34...
2025-08-30 09:50:36,799 - INFO -   -> Processing product batch 25 of 34...
2025-08-30 09:50:37,409 - INFO -   -> Processing product batch 26 of 34...
2025-08-30 09:50:37,991 - INFO -   -> Processing product batch 27 of 34...
2025-08-30 09:50:38,523 - INFO -   -> Processing product batch 28 of 34...
2025-08-30 09:50:39,048 - INFO -   -> Processing product batch 29 of 34...
2025-08-30 09:50:39,590 - INFO -   -> Processing product batch 30 of 34...
2025-08-30 09:50:40,137 - INFO -   -> Processing product batch 31 of 34...
2025-08-30 09:50:40,669 - INFO -   -> Processing product batch 32 of 34...
2025-08-30 09:50:41,240 - INFO -   -> Processing product batch 33 of 34...
2025-08-30 09:50:41,769 - INFO -   -> Processing product batch 34 of 34...
2025-08-30 09:50:42,088 - INFO - ✅ Snapshot for 2025-08-05 complete.
2025-08-30 09:50:43,141 - INFO - Table historical_inventory not found. Creating it now...
2025-08-30 09:50:43,445 - INFO - Created table historical_inventory in dataset Orders.
2025-08-30 09:50:43,446 - INFO - Uploading 168150 new rows to staging table: Orders.historical_inventory_staging...
2025-08-30 09:51:00,500 - INFO - 168150 out of 168150 rows loaded.
2025-08-30 09:51:00,500 - INFO - ✅ Data successfully uploaded to staging table.
2025-08-30 09:51:00,501 - INFO - Rebuilding final historical table Orders.historical_inventory...
2025-08-30 09:51:04,562 - INFO - ✅ Rebuild successful. Final historical table is now up-to-date.
2025-08-30 10:01:54,158 - INFO - Authenticating to Odoo...
2025-08-30 10:01:55,100 - INFO - ✅ Odoo authentication successful. UID: 614
2025-08-30 10:01:55,101 - INFO - --- Generating Historical Inventory Snapshots ---
2025-08-30 10:01:55,102 - INFO - --- Period: 2025-08-06 to 2025-08-10 ---
2025-08-30 10:01:55,102 - INFO - Fetching list of all storable products...
2025-08-30 10:01:55,614 - INFO - Found 33630 products to process.
2025-08-30 10:01:55,615 - INFO - 📦 Fetching inventory snapshot for date: 2025-08-06...
2025-08-30 10:01:55,615 - INFO -   -> Processing product batch 1 of 34...
2025-08-30 10:01:56,064 - INFO -   -> Processing product batch 2 of 34...
2025-08-30 10:01:56,631 - INFO -   -> Processing product batch 3 of 34...
2025-08-30 10:01:57,205 - INFO -   -> Processing product batch 4 of 34...
2025-08-30 10:01:57,789 - INFO -   -> Processing product batch 5 of 34...
2025-08-30 10:01:58,359 - INFO -   -> Processing product batch 6 of 34...
2025-08-30 10:01:58,768 - INFO -   -> Processing product batch 7 of 34...
2025-08-30 10:01:59,343 - INFO -   -> Processing product batch 8 of 34...
2025-08-30 10:01:59,929 - INFO -   -> Processing product batch 9 of 34...
2025-08-30 10:02:00,524 - INFO -   -> Processing product batch 10 of 34...
2025-08-30 10:02:01,092 - INFO -   -> Processing product batch 11 of 34...
2025-08-30 10:02:01,679 - INFO -   -> Processing product batch 12 of 34...
2025-08-30 10:02:02,232 - INFO -   -> Processing product batch 13 of 34...
2025-08-30 10:02:02,677 - INFO -   -> Processing product batch 14 of 34...
2025-08-30 10:02:03,125 - INFO -   -> Processing product batch 15 of 34...
2025-08-30 10:02:03,564 - INFO -   -> Processing product batch 16 of 34...
2025-08-30 10:02:04,188 - INFO -   -> Processing product batch 17 of 34...
2025-08-30 10:02:04,653 - INFO -   -> Processing product batch 18 of 34...
2025-08-30 10:02:05,194 - INFO -   -> Processing product batch 19 of 34...
2025-08-30 10:02:05,785 - INFO -   -> Processing product batch 20 of 34...
2025-08-30 10:02:06,233 - INFO -   -> Processing product batch 21 of 34...
2025-08-30 10:02:06,809 - INFO -   -> Processing product batch 22 of 34...
2025-08-30 10:02:07,343 - INFO -   -> Processing product batch 23 of 34...
2025-08-30 10:02:07,873 - INFO -   -> Processing product batch 24 of 34...
2025-08-30 10:02:08,473 - INFO -   -> Processing product batch 25 of 34...
2025-08-30 10:02:09,084 - INFO -   -> Processing product batch 26 of 34...
2025-08-30 10:02:09,650 - INFO -   -> Processing product batch 27 of 34...
2025-08-30 10:02:10,178 - INFO -   -> Processing product batch 28 of 34...
2025-08-30 10:02:10,699 - INFO -   -> Processing product batch 29 of 34...
2025-08-30 10:02:11,232 - INFO -   -> Processing product batch 30 of 34...
2025-08-30 10:02:11,754 - INFO -   -> Processing product batch 31 of 34...
2025-08-30 10:02:12,287 - INFO -   -> Processing product batch 32 of 34...
2025-08-30 10:02:12,812 - INFO -   -> Processing product batch 33 of 34...
2025-08-30 10:02:13,203 - INFO -   -> Processing product batch 34 of 34...
2025-08-30 10:02:13,527 - INFO - ✅ Snapshot for 2025-08-06 complete.
2025-08-30 10:02:13,529 - INFO - 📦 Fetching inventory snapshot for date: 2025-08-07...
2025-08-30 10:02:13,530 - INFO -   -> Processing product batch 1 of 34...
2025-08-30 10:02:14,100 - INFO -   -> Processing product batch 2 of 34...
2025-08-30 10:02:14,644 - INFO -   -> Processing product batch 3 of 34...
2025-08-30 10:02:15,244 - INFO -   -> Processing product batch 4 of 34...
2025-08-30 10:02:15,818 - INFO -   -> Processing product batch 5 of 34...
2025-08-30 10:02:16,403 - INFO -   -> Processing product batch 6 of 34...
2025-08-30 10:02:16,979 - INFO -   -> Processing product batch 7 of 34...
2025-08-30 10:02:17,549 - INFO -   -> Processing product batch 8 of 34...
2025-08-30 10:02:18,127 - INFO -   -> Processing product batch 9 of 34...
2025-08-30 10:02:18,725 - INFO -   -> Processing product batch 10 of 34...
2025-08-30 10:02:19,437 - INFO -   -> Processing product batch 11 of 34...
2025-08-30 10:02:20,022 - INFO -   -> Processing product batch 12 of 34...
2025-08-30 10:02:20,563 - INFO -   -> Processing product batch 13 of 34...
2025-08-30 10:02:21,165 - INFO -   -> Processing product batch 14 of 34...
2025-08-30 10:02:21,774 - INFO -   -> Processing product batch 15 of 34...
2025-08-30 10:02:22,342 - INFO -   -> Processing product batch 16 of 34...
2025-08-30 10:02:22,962 - INFO -   -> Processing product batch 17 of 34...
2025-08-30 10:02:23,654 - INFO -   -> Processing product batch 18 of 34...
2025-08-30 10:02:24,194 - INFO -   -> Processing product batch 19 of 34...
2025-08-30 10:02:24,856 - INFO -   -> Processing product batch 20 of 34...
2025-08-30 10:02:25,350 - INFO -   -> Processing product batch 21 of 34...
2025-08-30 10:02:25,929 - INFO -   -> Processing product batch 22 of 34...
2025-08-30 10:02:26,344 - INFO -   -> Processing product batch 23 of 34...
2025-08-30 10:02:26,872 - INFO -   -> Processing product batch 24 of 34...
2025-08-30 10:02:27,447 - INFO -   -> Processing product batch 25 of 34...
2025-08-30 10:02:28,036 - INFO -   -> Processing product batch 26 of 34...
2025-08-30 10:02:28,610 - INFO -   -> Processing product batch 27 of 34...
2025-08-30 10:02:29,140 - INFO -   -> Processing product batch 28 of 34...
2025-08-30 10:02:29,651 - INFO -   -> Processing product batch 29 of 34...
2025-08-30 10:02:30,193 - INFO -   -> Processing product batch 30 of 34...
2025-08-30 10:02:30,727 - INFO -   -> Processing product batch 31 of 34...
2025-08-30 10:02:31,265 - INFO -   -> Processing product batch 32 of 34...
2025-08-30 10:02:31,817 - INFO -   -> Processing product batch 33 of 34...
2025-08-30 10:02:32,215 - INFO -   -> Processing product batch 34 of 34...
2025-08-30 10:02:32,539 - INFO - ✅ Snapshot for 2025-08-07 complete.
2025-08-30 10:02:32,542 - INFO - 📦 Fetching inventory snapshot for date: 2025-08-08...
2025-08-30 10:02:32,543 - INFO -   -> Processing product batch 1 of 34...
2025-08-30 10:02:33,107 - INFO -   -> Processing product batch 2 of 34...
2025-08-30 10:02:33,689 - INFO -   -> Processing product batch 3 of 34...
2025-08-30 10:02:34,295 - INFO -   -> Processing product batch 4 of 34...
2025-08-30 10:02:34,944 - INFO -   -> Processing product batch 5 of 34...
2025-08-30 10:02:35,569 - INFO -   -> Processing product batch 6 of 34...
2025-08-30 10:02:36,149 - INFO -   -> Processing product batch 7 of 34...
2025-08-30 10:02:36,754 - INFO -   -> Processing product batch 8 of 34...
2025-08-30 10:02:37,332 - INFO -   -> Processing product batch 9 of 34...
2025-08-30 10:02:37,920 - INFO -   -> Processing product batch 10 of 34...
2025-08-30 10:02:38,511 - INFO -   -> Processing product batch 11 of 34...
2025-08-30 10:02:39,087 - INFO -   -> Processing product batch 12 of 34...
2025-08-30 10:02:39,640 - INFO -   -> Processing product batch 13 of 34...
2025-08-30 10:02:40,216 - INFO -   -> Processing product batch 14 of 34...
2025-08-30 10:02:40,786 - INFO -   -> Processing product batch 15 of 34...
2025-08-30 10:02:41,455 - INFO -   -> Processing product batch 16 of 34...
2025-08-30 10:02:42,059 - INFO -   -> Processing product batch 17 of 34...
2025-08-30 10:02:42,647 - INFO -   -> Processing product batch 18 of 34...
2025-08-30 10:02:43,222 - INFO -   -> Processing product batch 19 of 34...
2025-08-30 10:02:43,847 - INFO -   -> Processing product batch 20 of 34...
2025-08-30 10:02:44,312 - INFO -   -> Processing product batch 21 of 34...
2025-08-30 10:02:44,898 - INFO -   -> Processing product batch 22 of 34...
2025-08-30 10:02:45,317 - INFO -   -> Processing product batch 23 of 34...
2025-08-30 10:02:45,863 - INFO -   -> Processing product batch 24 of 34...
2025-08-30 10:02:46,483 - INFO -   -> Processing product batch 25 of 34...
2025-08-30 10:02:47,082 - INFO -   -> Processing product batch 26 of 34...
2025-08-30 10:02:47,686 - INFO -   -> Processing product batch 27 of 34...
2025-08-30 10:02:48,224 - INFO -   -> Processing product batch 28 of 34...
2025-08-30 10:02:48,644 - INFO -   -> Processing product batch 29 of 34...
2025-08-30 10:02:49,231 - INFO -   -> Processing product batch 30 of 34...
2025-08-30 10:02:49,782 - INFO -   -> Processing product batch 31 of 34...
2025-08-30 10:02:50,337 - INFO -   -> Processing product batch 32 of 34...
2025-08-30 10:02:50,991 - INFO -   -> Processing product batch 33 of 34...
2025-08-30 10:02:51,386 - INFO -   -> Processing product batch 34 of 34...
2025-08-30 10:02:51,701 - INFO - ✅ Snapshot for 2025-08-08 complete.
2025-08-30 10:02:51,704 - INFO - 📦 Fetching inventory snapshot for date: 2025-08-09...
2025-08-30 10:02:51,704 - INFO -   -> Processing product batch 1 of 34...
2025-08-30 10:02:52,267 - INFO -   -> Processing product batch 2 of 34...
2025-08-30 10:02:52,812 - INFO -   -> Processing product batch 3 of 34...
2025-08-30 10:02:53,441 - INFO -   -> Processing product batch 4 of 34...
2025-08-30 10:02:54,028 - INFO -   -> Processing product batch 5 of 34...
2025-08-30 10:02:54,685 - INFO -   -> Processing product batch 6 of 34...
2025-08-30 10:02:55,237 - INFO -   -> Processing product batch 7 of 34...
2025-08-30 10:02:55,839 - INFO -   -> Processing product batch 8 of 34...
2025-08-30 10:02:56,418 - INFO -   -> Processing product batch 9 of 34...
2025-08-30 10:02:57,027 - INFO -   -> Processing product batch 10 of 34...
2025-08-30 10:02:57,604 - INFO -   -> Processing product batch 11 of 34...
2025-08-30 10:02:58,195 - INFO -   -> Processing product batch 12 of 34...
2025-08-30 10:02:58,778 - INFO -   -> Processing product batch 13 of 34...
2025-08-30 10:02:59,362 - INFO -   -> Processing product batch 14 of 34...
2025-08-30 10:02:59,947 - INFO -   -> Processing product batch 15 of 34...
2025-08-30 10:03:00,628 - INFO -   -> Processing product batch 16 of 34...
2025-08-30 10:03:01,205 - INFO -   -> Processing product batch 17 of 34...
2025-08-30 10:03:01,791 - INFO -   -> Processing product batch 18 of 34...
2025-08-30 10:03:02,363 - INFO -   -> Processing product batch 19 of 34...
2025-08-30 10:03:02,944 - INFO -   -> Processing product batch 20 of 34...
2025-08-30 10:03:03,388 - INFO -   -> Processing product batch 21 of 34...
2025-08-30 10:03:03,955 - INFO -   -> Processing product batch 22 of 34...
2025-08-30 10:03:04,385 - INFO -   -> Processing product batch 23 of 34...
2025-08-30 10:03:04,924 - INFO -   -> Processing product batch 24 of 34...
2025-08-30 10:03:05,493 - INFO -   -> Processing product batch 25 of 34...
2025-08-30 10:03:06,080 - INFO -   -> Processing product batch 26 of 34...
2025-08-30 10:03:06,654 - INFO -   -> Processing product batch 27 of 34...
2025-08-30 10:03:07,178 - INFO -   -> Processing product batch 28 of 34...
2025-08-30 10:03:07,582 - INFO -   -> Processing product batch 29 of 34...
2025-08-30 10:03:08,102 - INFO -   -> Processing product batch 30 of 34...
2025-08-30 10:03:08,635 - INFO -   -> Processing product batch 31 of 34...
2025-08-30 10:03:09,283 - INFO -   -> Processing product batch 32 of 34...
2025-08-30 10:03:09,832 - INFO -   -> Processing product batch 33 of 34...
2025-08-30 10:03:10,227 - INFO -   -> Processing product batch 34 of 34...
2025-08-30 10:03:10,538 - INFO - ✅ Snapshot for 2025-08-09 complete.
2025-08-30 10:03:10,541 - INFO - 📦 Fetching inventory snapshot for date: 2025-08-10...
2025-08-30 10:03:10,542 - INFO -   -> Processing product batch 1 of 34...
2025-08-30 10:03:11,116 - INFO -   -> Processing product batch 2 of 34...
2025-08-30 10:03:11,684 - INFO -   -> Processing product batch 3 of 34...
2025-08-30 10:03:12,282 - INFO -   -> Processing product batch 4 of 34...
2025-08-30 10:03:12,855 - INFO -   -> Processing product batch 5 of 34...
2025-08-30 10:03:13,419 - INFO -   -> Processing product batch 6 of 34...
2025-08-30 10:03:13,998 - INFO -   -> Processing product batch 7 of 34...
2025-08-30 10:03:14,566 - INFO -   -> Processing product batch 8 of 34...
2025-08-30 10:03:15,160 - INFO -   -> Processing product batch 9 of 34...
2025-08-30 10:03:15,735 - INFO -   -> Processing product batch 10 of 34...
2025-08-30 10:03:16,301 - INFO -   -> Processing product batch 11 of 34...
2025-08-30 10:03:16,917 - INFO -   -> Processing product batch 12 of 34...
2025-08-30 10:03:17,516 - INFO -   -> Processing product batch 13 of 34...
2025-08-30 10:03:18,089 - INFO -   -> Processing product batch 14 of 34...
2025-08-30 10:03:18,661 - INFO -   -> Processing product batch 15 of 34...
2025-08-30 10:03:19,366 - INFO -   -> Processing product batch 16 of 34...
2025-08-30 10:03:19,960 - INFO -   -> Processing product batch 17 of 34...
2025-08-30 10:03:20,559 - INFO -   -> Processing product batch 18 of 34...
2025-08-30 10:03:21,132 - INFO -   -> Processing product batch 19 of 34...
2025-08-30 10:03:21,731 - INFO -   -> Processing product batch 20 of 34...
2025-08-30 10:03:22,177 - INFO -   -> Processing product batch 21 of 34...
2025-08-30 10:03:22,766 - INFO -   -> Processing product batch 22 of 34...
2025-08-30 10:03:23,209 - INFO -   -> Processing product batch 23 of 34...
2025-08-30 10:03:23,735 - INFO -   -> Processing product batch 24 of 34...
2025-08-30 10:03:24,307 - INFO -   -> Processing product batch 25 of 34...
2025-08-30 10:03:24,888 - INFO -   -> Processing product batch 26 of 34...
2025-08-30 10:03:25,445 - INFO -   -> Processing product batch 27 of 34...
2025-08-30 10:03:25,982 - INFO -   -> Processing product batch 28 of 34...
2025-08-30 10:03:26,397 - INFO -   -> Processing product batch 29 of 34...
2025-08-30 10:03:26,928 - INFO -   -> Processing product batch 30 of 34...
2025-08-30 10:03:27,476 - INFO -   -> Processing product batch 31 of 34...
2025-08-30 10:03:28,022 - INFO -   -> Processing product batch 32 of 34...
2025-08-30 10:03:28,547 - INFO -   -> Processing product batch 33 of 34...
2025-08-30 10:03:29,066 - INFO -   -> Processing product batch 34 of 34...
2025-08-30 10:03:29,414 - INFO - ✅ Snapshot for 2025-08-10 complete.
2025-08-30 10:03:30,497 - INFO - Table historical_inventory already exists.
2025-08-30 10:03:30,498 - INFO - Uploading 168150 new rows to staging table: Orders.historical_inventory_staging...
2025-08-30 10:03:44,472 - INFO - 168150 out of 168150 rows loaded.
2025-08-30 10:03:44,473 - INFO - ✅ Data successfully uploaded to staging table.
2025-08-30 10:03:44,474 - INFO - Rebuilding final historical table Orders.historical_inventory...
2025-08-30 10:03:49,253 - INFO - ✅ Rebuild successful. Final historical table is now up-to-date.
2025-08-30 11:16:41,573 - INFO - Authenticating to Odoo...
2025-08-30 11:16:42,513 - INFO - ✅ Odoo authentication successful. UID: 614
2025-08-30 11:16:42,514 - INFO - --- Generating Historical Inventory Snapshots ---
2025-08-30 11:16:42,514 - INFO - --- Period: 2025-08-11 to 2025-08-20 ---
2025-08-30 11:16:42,515 - INFO - Fetching list of all storable products...
2025-08-30 11:16:43,228 - INFO - Found 33630 products to process.
2025-08-30 11:16:43,228 - INFO - 📦 Fetching inventory snapshot for date: 2025-08-11...
2025-08-30 11:16:43,229 - INFO -   -> Processing product batch 1 of 34...
2025-08-30 11:16:43,685 - INFO -   -> Processing product batch 2 of 34...
2025-08-30 11:16:44,231 - INFO -   -> Processing product batch 3 of 34...
2025-08-30 11:16:44,911 - INFO -   -> Processing product batch 4 of 34...
2025-08-30 11:16:45,437 - INFO -   -> Processing product batch 5 of 34...
2025-08-30 11:16:45,981 - INFO -   -> Processing product batch 6 of 34...
2025-08-30 11:16:46,575 - INFO -   -> Processing product batch 7 of 34...
2025-08-30 11:16:47,284 - INFO -   -> Processing product batch 8 of 34...
2025-08-30 11:16:47,825 - INFO -   -> Processing product batch 9 of 34...
2025-08-30 11:16:48,355 - INFO -   -> Processing product batch 10 of 34...
2025-08-30 11:16:48,884 - INFO -   -> Processing product batch 11 of 34...
2025-08-30 11:16:49,423 - INFO -   -> Processing product batch 12 of 34...
2025-08-30 11:16:50,008 - INFO -   -> Processing product batch 13 of 34...
2025-08-30 11:16:50,544 - INFO -   -> Processing product batch 14 of 34...
2025-08-30 11:16:51,243 - INFO -   -> Processing product batch 15 of 34...
2025-08-30 11:16:51,851 - INFO -   -> Processing product batch 16 of 34...
2025-08-30 11:16:52,390 - INFO -   -> Processing product batch 17 of 34...
2025-08-30 11:16:52,934 - INFO -   -> Processing product batch 18 of 34...
2025-08-30 11:16:53,460 - INFO -   -> Processing product batch 19 of 34...
2025-08-30 11:16:54,009 - INFO -   -> Processing product batch 20 of 34...
2025-08-30 11:16:54,438 - INFO -   -> Processing product batch 21 of 34...
2025-08-30 11:16:55,010 - INFO -   -> Processing product batch 22 of 34...
2025-08-30 11:16:55,423 - INFO -   -> Processing product batch 23 of 34...
2025-08-30 11:16:55,963 - INFO -   -> Processing product batch 24 of 34...
2025-08-30 11:16:56,496 - INFO -   -> Processing product batch 25 of 34...
2025-08-30 11:16:57,074 - INFO -   -> Processing product batch 26 of 34...
2025-08-30 11:16:57,604 - INFO -   -> Processing product batch 27 of 34...
2025-08-30 11:16:58,115 - INFO -   -> Processing product batch 28 of 34...
2025-08-30 11:16:58,544 - INFO -   -> Processing product batch 29 of 34...
2025-08-30 11:16:59,193 - INFO -   -> Processing product batch 30 of 34...
2025-08-30 11:16:59,704 - INFO -   -> Processing product batch 31 of 34...
2025-08-30 11:17:00,102 - INFO -   -> Processing product batch 32 of 34...
2025-08-30 11:17:00,624 - INFO -   -> Processing product batch 33 of 34...
2025-08-30 11:17:01,053 - INFO -   -> Processing product batch 34 of 34...
2025-08-30 11:17:01,373 - INFO - ✅ Snapshot for 2025-08-11 complete.
2025-08-30 11:17:01,375 - INFO - 📦 Fetching inventory snapshot for date: 2025-08-12...
2025-08-30 11:17:01,375 - INFO -   -> Processing product batch 1 of 34...
2025-08-30 11:17:01,948 - INFO -   -> Processing product batch 2 of 34...
2025-08-30 11:17:02,482 - INFO -   -> Processing product batch 3 of 34...
2025-08-30 11:17:03,018 - INFO -   -> Processing product batch 4 of 34...
2025-08-30 11:17:03,559 - INFO -   -> Processing product batch 5 of 34...
2025-08-30 11:17:04,130 - INFO -   -> Processing product batch 6 of 34...
2025-08-30 11:17:04,680 - INFO -   -> Processing product batch 7 of 34...
2025-08-30 11:17:05,220 - INFO -   -> Processing product batch 8 of 34...
2025-08-30 11:17:05,805 - INFO -   -> Processing product batch 9 of 34...
2025-08-30 11:17:06,332 - INFO -   -> Processing product batch 10 of 34...
2025-08-30 11:17:07,089 - INFO -   -> Processing product batch 11 of 34...
2025-08-30 11:17:13,565 - INFO -   -> Processing product batch 12 of 34...
2025-08-30 11:17:29,683 - INFO -   -> Processing product batch 13 of 34...
2025-08-30 11:17:30,117 - INFO -   -> Processing product batch 14 of 34...
2025-08-30 11:17:30,605 - INFO -   -> Processing product batch 15 of 34...
2025-08-30 11:17:31,993 - INFO -   -> Processing product batch 16 of 34...
2025-08-30 11:17:32,500 - INFO -   -> Processing product batch 17 of 34...
2025-08-30 11:17:32,932 - INFO -   -> Processing product batch 18 of 34...
2025-08-30 11:17:33,347 - INFO -   -> Processing product batch 19 of 34...
2025-08-30 11:17:33,787 - INFO -   -> Processing product batch 20 of 34...
2025-08-30 11:17:34,231 - INFO -   -> Processing product batch 21 of 34...
2025-08-30 11:17:34,649 - INFO -   -> Processing product batch 22 of 34...
2025-08-30 11:17:35,061 - INFO -   -> Processing product batch 23 of 34...
2025-08-30 11:17:35,470 - INFO -   -> Processing product batch 24 of 34...
2025-08-30 11:17:35,937 - INFO -   -> Processing product batch 25 of 34...
2025-08-30 11:17:36,395 - INFO -   -> Processing product batch 26 of 34...
2025-08-30 11:17:36,816 - INFO -   -> Processing product batch 27 of 34...
2025-08-30 11:17:37,245 - INFO -   -> Processing product batch 28 of 34...
2025-08-30 11:17:37,694 - INFO -   -> Processing product batch 29 of 34...
2025-08-30 11:17:38,117 - INFO -   -> Processing product batch 30 of 34...
2025-08-30 11:17:38,528 - INFO -   -> Processing product batch 31 of 34...
2025-08-30 11:17:38,941 - INFO -   -> Processing product batch 32 of 34...
2025-08-30 11:17:39,357 - INFO -   -> Processing product batch 33 of 34...
2025-08-30 11:17:39,922 - INFO -   -> Processing product batch 34 of 34...
2025-08-30 11:17:40,273 - INFO - ✅ Snapshot for 2025-08-12 complete.
2025-08-30 11:17:40,275 - INFO - 📦 Fetching inventory snapshot for date: 2025-08-13...
2025-08-30 11:17:40,276 - INFO -   -> Processing product batch 1 of 34...
2025-08-30 11:17:40,899 - INFO -   -> Processing product batch 2 of 34...
2025-08-30 11:17:41,505 - INFO -   -> Processing product batch 3 of 34...
2025-08-30 11:17:42,046 - INFO -   -> Processing product batch 4 of 34...
2025-08-30 11:17:42,621 - INFO -   -> Processing product batch 5 of 34...
2025-08-30 11:17:43,146 - INFO -   -> Processing product batch 6 of 34...
2025-08-30 11:17:43,664 - INFO -   -> Processing product batch 7 of 34...
2025-08-30 11:17:44,237 - INFO -   -> Processing product batch 8 of 34...
2025-08-30 11:17:44,778 - INFO -   -> Processing product batch 9 of 34...
2025-08-30 11:17:45,329 - INFO -   -> Processing product batch 10 of 34...
2025-08-30 11:17:45,860 - INFO -   -> Processing product batch 11 of 34...
2025-08-30 11:17:46,410 - INFO -   -> Processing product batch 12 of 34...
2025-08-30 11:17:46,976 - INFO -   -> Processing product batch 13 of 34...
2025-08-30 11:17:47,506 - INFO -   -> Processing product batch 14 of 34...
2025-08-30 11:17:48,048 - INFO -   -> Processing product batch 15 of 34...
2025-08-30 11:17:48,610 - INFO -   -> Processing product batch 16 of 34...
2025-08-30 11:17:49,185 - INFO -   -> Processing product batch 17 of 34...
2025-08-30 11:17:49,769 - INFO -   -> Processing product batch 18 of 34...
2025-08-30 11:17:50,292 - INFO -   -> Processing product batch 19 of 34...
2025-08-30 11:17:50,829 - INFO -   -> Processing product batch 20 of 34...
2025-08-30 11:17:51,380 - INFO -   -> Processing product batch 21 of 34...
2025-08-30 11:17:51,948 - INFO -   -> Processing product batch 22 of 34...
2025-08-30 11:17:52,356 - INFO -   -> Processing product batch 23 of 34...
2025-08-30 11:17:52,872 - INFO -   -> Processing product batch 24 of 34...
2025-08-30 11:17:53,403 - INFO -   -> Processing product batch 25 of 34...
2025-08-30 11:17:53,951 - INFO -   -> Processing product batch 26 of 34...
2025-08-30 11:17:54,473 - INFO -   -> Processing product batch 27 of 34...
2025-08-30 11:17:54,993 - INFO -   -> Processing product batch 28 of 34...
2025-08-30 11:17:55,499 - INFO -   -> Processing product batch 29 of 34...
2025-08-30 11:17:56,059 - INFO -   -> Processing product batch 30 of 34...
2025-08-30 11:17:56,572 - INFO -   -> Processing product batch 31 of 34...
2025-08-30 11:17:57,088 - INFO -   -> Processing product batch 32 of 34...
2025-08-30 11:17:57,633 - INFO -   -> Processing product batch 33 of 34...
2025-08-30 11:17:58,029 - INFO -   -> Processing product batch 34 of 34...
2025-08-30 11:17:58,333 - INFO - ✅ Snapshot for 2025-08-13 complete.
2025-08-30 11:17:58,336 - INFO - 📦 Fetching inventory snapshot for date: 2025-08-14...
2025-08-30 11:17:58,337 - INFO -   -> Processing product batch 1 of 34...
2025-08-30 11:17:58,880 - INFO -   -> Processing product batch 2 of 34...
2025-08-30 11:17:59,403 - INFO -   -> Processing product batch 3 of 34...
2025-08-30 11:17:59,954 - INFO -   -> Processing product batch 4 of 34...
2025-08-30 11:18:00,496 - INFO -   -> Processing product batch 5 of 34...
2025-08-30 11:18:01,056 - INFO -   -> Processing product batch 6 of 34...
2025-08-30 11:18:01,576 - INFO -   -> Processing product batch 7 of 34...
2025-08-30 11:18:02,316 - INFO -   -> Processing product batch 8 of 34...
2025-08-30 11:18:02,926 - INFO -   -> Processing product batch 9 of 34...
2025-08-30 11:18:03,509 - INFO -   -> Processing product batch 10 of 34...
2025-08-30 11:18:04,153 - INFO -   -> Processing product batch 11 of 34...
2025-08-30 11:18:04,724 - INFO -   -> Processing product batch 12 of 34...
2025-08-30 11:18:05,284 - INFO -   -> Processing product batch 13 of 34...
2025-08-30 11:18:05,845 - INFO -   -> Processing product batch 14 of 34...
2025-08-30 11:18:06,488 - INFO -   -> Processing product batch 15 of 34...
2025-08-30 11:18:07,030 - INFO -   -> Processing product batch 16 of 34...
2025-08-30 11:18:07,617 - INFO -   -> Processing product batch 17 of 34...
2025-08-30 11:18:08,186 - INFO -   -> Processing product batch 18 of 34...
2025-08-30 11:18:08,735 - INFO -   -> Processing product batch 19 of 34...
2025-08-30 11:18:09,319 - INFO -   -> Processing product batch 20 of 34...
2025-08-30 11:18:09,746 - INFO -   -> Processing product batch 21 of 34...
2025-08-30 11:18:10,290 - INFO -   -> Processing product batch 22 of 34...
2025-08-30 11:18:10,704 - INFO -   -> Processing product batch 23 of 34...
2025-08-30 11:18:11,247 - INFO -   -> Processing product batch 24 of 34...
2025-08-30 11:18:11,814 - INFO -   -> Processing product batch 25 of 34...
2025-08-30 11:18:12,408 - INFO -   -> Processing product batch 26 of 34...
2025-08-30 11:18:13,048 - INFO -   -> Processing product batch 27 of 34...
2025-08-30 11:18:13,647 - INFO -   -> Processing product batch 28 of 34...
2025-08-30 11:18:14,114 - INFO -   -> Processing product batch 29 of 34...
2025-08-30 11:18:14,677 - INFO -   -> Processing product batch 30 of 34...
2025-08-30 11:18:15,286 - INFO -   -> Processing product batch 31 of 34...
2025-08-30 11:18:15,839 - INFO -   -> Processing product batch 32 of 34...
2025-08-30 11:18:16,396 - INFO -   -> Processing product batch 33 of 34...
2025-08-30 11:18:16,813 - INFO -   -> Processing product batch 34 of 34...
2025-08-30 11:18:17,126 - INFO - ✅ Snapshot for 2025-08-14 complete.
2025-08-30 11:18:17,129 - INFO - 📦 Fetching inventory snapshot for date: 2025-08-15...
2025-08-30 11:18:17,130 - INFO -   -> Processing product batch 1 of 34...
2025-08-30 11:18:17,683 - INFO -   -> Processing product batch 2 of 34...
2025-08-30 11:18:18,261 - INFO -   -> Processing product batch 3 of 34...
2025-08-30 11:18:18,815 - INFO -   -> Processing product batch 4 of 34...
2025-08-30 11:18:19,666 - INFO -   -> Processing product batch 5 of 34...
2025-08-30 11:18:20,105 - INFO -   -> Processing product batch 6 of 34...
2025-08-30 11:18:20,535 - INFO -   -> Processing product batch 7 of 34...
2025-08-30 11:18:20,963 - INFO -   -> Processing product batch 8 of 34...
2025-08-30 11:18:21,383 - INFO -   -> Processing product batch 9 of 34...
2025-08-30 11:18:21,946 - INFO -   -> Processing product batch 10 of 34...
2025-08-30 11:18:22,496 - INFO -   -> Processing product batch 11 of 34...
2025-08-30 11:18:23,060 - INFO -   -> Processing product batch 12 of 34...
2025-08-30 11:18:23,612 - INFO -   -> Processing product batch 13 of 34...
2025-08-30 11:18:24,154 - INFO -   -> Processing product batch 14 of 34...
2025-08-30 11:18:24,708 - INFO -   -> Processing product batch 15 of 34...
2025-08-30 11:18:25,249 - INFO -   -> Processing product batch 16 of 34...
2025-08-30 11:18:25,832 - INFO -   -> Processing product batch 17 of 34...
2025-08-30 11:18:26,672 - INFO -   -> Processing product batch 18 of 34...
2025-08-30 11:18:27,284 - INFO -   -> Processing product batch 19 of 34...
2025-08-30 11:18:27,721 - INFO -   -> Processing product batch 20 of 34...
2025-08-30 11:18:28,293 - INFO -   -> Processing product batch 21 of 34...
2025-08-30 11:18:28,715 - INFO -   -> Processing product batch 22 of 34...
2025-08-30 11:18:29,141 - INFO -   -> Processing product batch 23 of 34...
2025-08-30 11:18:29,661 - INFO -   -> Processing product batch 24 of 34...
2025-08-30 11:18:30,322 - INFO -   -> Processing product batch 25 of 34...
2025-08-30 11:18:31,100 - INFO -   -> Processing product batch 26 of 34...
2025-08-30 11:18:31,526 - INFO -   -> Processing product batch 27 of 34...
2025-08-30 11:18:31,988 - INFO -   -> Processing product batch 28 of 34...
2025-08-30 11:18:32,405 - INFO -   -> Processing product batch 29 of 34...
2025-08-30 11:18:32,799 - INFO -   -> Processing product batch 30 of 34...
2025-08-30 11:18:33,360 - INFO -   -> Processing product batch 31 of 34...
2025-08-30 11:18:33,971 - INFO -   -> Processing product batch 32 of 34...
2025-08-30 11:18:34,498 - INFO -   -> Processing product batch 33 of 34...
2025-08-30 11:18:34,897 - INFO -   -> Processing product batch 34 of 34...
2025-08-30 11:18:35,211 - INFO - ✅ Snapshot for 2025-08-15 complete.
2025-08-30 11:18:35,215 - INFO - 📦 Fetching inventory snapshot for date: 2025-08-16...
2025-08-30 11:18:35,216 - INFO -   -> Processing product batch 1 of 34...
2025-08-30 11:18:35,740 - INFO -   -> Processing product batch 2 of 34...
2025-08-30 11:18:36,334 - INFO -   -> Processing product batch 3 of 34...
2025-08-30 11:18:36,875 - INFO -   -> Processing product batch 4 of 34...
2025-08-30 11:18:37,528 - INFO -   -> Processing product batch 5 of 34...
2025-08-30 11:18:38,069 - INFO -   -> Processing product batch 6 of 34...
2025-08-30 11:18:38,607 - INFO -   -> Processing product batch 7 of 34...
2025-08-30 11:18:39,247 - INFO -   -> Processing product batch 8 of 34...
2025-08-30 11:18:39,837 - INFO -   -> Processing product batch 9 of 34...
2025-08-30 11:18:40,543 - INFO -   -> Processing product batch 10 of 34...
2025-08-30 11:18:41,095 - INFO -   -> Processing product batch 11 of 34...
2025-08-30 11:18:41,630 - INFO -   -> Processing product batch 12 of 34...
2025-08-30 11:18:42,166 - INFO -   -> Processing product batch 13 of 34...
2025-08-30 11:18:42,705 - INFO -   -> Processing product batch 14 of 34...
2025-08-30 11:18:43,239 - INFO -   -> Processing product batch 15 of 34...
2025-08-30 11:18:43,775 - INFO -   -> Processing product batch 16 of 34...
2025-08-30 11:18:44,343 - INFO -   -> Processing product batch 17 of 34...
2025-08-30 11:18:44,890 - INFO -   -> Processing product batch 18 of 34...
2025-08-30 11:18:45,426 - INFO -   -> Processing product batch 19 of 34...
2025-08-30 11:18:45,996 - INFO -   -> Processing product batch 20 of 34...
2025-08-30 11:18:46,469 - INFO -   -> Processing product batch 21 of 34...
2025-08-30 11:18:47,027 - INFO -   -> Processing product batch 22 of 34...
2025-08-30 11:18:47,446 - INFO -   -> Processing product batch 23 of 34...
2025-08-30 11:18:47,989 - INFO -   -> Processing product batch 24 of 34...
2025-08-30 11:18:48,506 - INFO -   -> Processing product batch 25 of 34...
2025-08-30 11:18:49,059 - INFO -   -> Processing product batch 26 of 34...
2025-08-30 11:18:49,570 - INFO -   -> Processing product batch 27 of 34...
2025-08-30 11:18:50,186 - INFO -   -> Processing product batch 28 of 34...
2025-08-30 11:18:50,580 - INFO -   -> Processing product batch 29 of 34...
2025-08-30 11:18:51,098 - INFO -   -> Processing product batch 30 of 34...
2025-08-30 11:18:51,599 - INFO -   -> Processing product batch 31 of 34...
2025-08-30 11:18:52,103 - INFO -   -> Processing product batch 32 of 34...
2025-08-30 11:18:52,612 - INFO -   -> Processing product batch 33 of 34...
2025-08-30 11:18:53,014 - INFO -   -> Processing product batch 34 of 34...
2025-08-30 11:18:53,318 - INFO - ✅ Snapshot for 2025-08-16 complete.
2025-08-30 11:18:53,322 - INFO - 📦 Fetching inventory snapshot for date: 2025-08-17...
2025-08-30 11:18:53,322 - INFO -   -> Processing product batch 1 of 34...
2025-08-30 11:18:53,842 - INFO -   -> Processing product batch 2 of 34...
2025-08-30 11:18:54,367 - INFO -   -> Processing product batch 3 of 34...
2025-08-30 11:18:54,890 - INFO -   -> Processing product batch 4 of 34...
2025-08-30 11:18:55,423 - INFO -   -> Processing product batch 5 of 34...
2025-08-30 11:18:56,003 - INFO -   -> Processing product batch 6 of 34...
2025-08-30 11:18:56,525 - INFO -   -> Processing product batch 7 of 34...
2025-08-30 11:18:57,037 - INFO -   -> Processing product batch 8 of 34...
2025-08-30 11:18:57,559 - INFO -   -> Processing product batch 9 of 34...
2025-08-30 11:18:58,101 - INFO -   -> Processing product batch 10 of 34...
2025-08-30 11:18:58,621 - INFO -   -> Processing product batch 11 of 34...
2025-08-30 11:18:59,144 - INFO -   -> Processing product batch 12 of 34...
2025-08-30 11:18:59,672 - INFO -   -> Processing product batch 13 of 34...
2025-08-30 11:19:00,187 - INFO -   -> Processing product batch 14 of 34...
2025-08-30 11:19:00,712 - INFO -   -> Processing product batch 15 of 34...
2025-08-30 11:19:01,372 - INFO -   -> Processing product batch 16 of 34...
2025-08-30 11:19:01,995 - INFO -   -> Processing product batch 17 of 34...
2025-08-30 11:19:02,657 - INFO -   -> Processing product batch 18 of 34...
2025-08-30 11:19:03,180 - INFO -   -> Processing product batch 19 of 34...
2025-08-30 11:19:03,723 - INFO -   -> Processing product batch 20 of 34...
2025-08-30 11:19:04,132 - INFO -   -> Processing product batch 21 of 34...
2025-08-30 11:19:04,649 - INFO -   -> Processing product batch 22 of 34...
2025-08-30 11:19:05,048 - INFO -   -> Processing product batch 23 of 34...
2025-08-30 11:19:05,591 - INFO -   -> Processing product batch 24 of 34...
2025-08-30 11:19:06,126 - INFO -   -> Processing product batch 25 of 34...
2025-08-30 11:19:06,659 - INFO -   -> Processing product batch 26 of 34...
2025-08-30 11:19:07,186 - INFO -   -> Processing product batch 27 of 34...
2025-08-30 11:19:07,692 - INFO -   -> Processing product batch 28 of 34...
2025-08-30 11:19:08,080 - INFO -   -> Processing product batch 29 of 34...
2025-08-30 11:19:08,595 - INFO -   -> Processing product batch 30 of 34...
2025-08-30 11:19:09,214 - INFO -   -> Processing product batch 31 of 34...
2025-08-30 11:19:09,715 - INFO -   -> Processing product batch 32 of 34...
2025-08-30 11:19:10,214 - INFO -   -> Processing product batch 33 of 34...
2025-08-30 11:19:10,600 - INFO -   -> Processing product batch 34 of 34...
2025-08-30 11:19:10,890 - INFO - ✅ Snapshot for 2025-08-17 complete.
2025-08-30 11:19:10,895 - INFO - 📦 Fetching inventory snapshot for date: 2025-08-18...
2025-08-30 11:19:10,895 - INFO -   -> Processing product batch 1 of 34...
2025-08-30 11:19:11,505 - INFO -   -> Processing product batch 2 of 34...
2025-08-30 11:19:12,160 - INFO -   -> Processing product batch 3 of 34...
2025-08-30 11:19:12,694 - INFO -   -> Processing product batch 4 of 34...
2025-08-30 11:19:13,210 - INFO -   -> Processing product batch 5 of 34...
2025-08-30 11:19:13,733 - INFO -   -> Processing product batch 6 of 34...
2025-08-30 11:19:14,251 - INFO -   -> Processing product batch 7 of 34...
2025-08-30 11:19:14,771 - INFO -   -> Processing product batch 8 of 34...
2025-08-30 11:19:15,292 - INFO -   -> Processing product batch 9 of 34...
2025-08-30 11:19:15,816 - INFO -   -> Processing product batch 10 of 34...
2025-08-30 11:19:16,337 - INFO -   -> Processing product batch 11 of 34...
2025-08-30 11:19:16,874 - INFO -   -> Processing product batch 12 of 34...
2025-08-30 11:19:17,449 - INFO -   -> Processing product batch 13 of 34...
2025-08-30 11:19:18,007 - INFO -   -> Processing product batch 14 of 34...
2025-08-30 11:19:18,674 - INFO -   -> Processing product batch 15 of 34...
2025-08-30 11:19:19,215 - INFO -   -> Processing product batch 16 of 34...
2025-08-30 11:19:19,762 - INFO -   -> Processing product batch 17 of 34...
2025-08-30 11:19:20,304 - INFO -   -> Processing product batch 18 of 34...
2025-08-30 11:19:20,850 - INFO -   -> Processing product batch 19 of 34...
2025-08-30 11:19:21,375 - INFO -   -> Processing product batch 20 of 34...
2025-08-30 11:19:21,786 - INFO -   -> Processing product batch 21 of 34...
2025-08-30 11:19:22,316 - INFO -   -> Processing product batch 22 of 34...
2025-08-30 11:19:22,709 - INFO -   -> Processing product batch 23 of 34...
2025-08-30 11:19:23,220 - INFO -   -> Processing product batch 24 of 34...
2025-08-30 11:19:23,737 - INFO -   -> Processing product batch 25 of 34...
2025-08-30 11:19:24,264 - INFO -   -> Processing product batch 26 of 34...
2025-08-30 11:19:24,800 - INFO -   -> Processing product batch 27 of 34...
2025-08-30 11:19:25,316 - INFO -   -> Processing product batch 28 of 34...
2025-08-30 11:19:25,731 - INFO -   -> Processing product batch 29 of 34...
2025-08-30 11:19:26,255 - INFO -   -> Processing product batch 30 of 34...
2025-08-30 11:19:26,770 - INFO -   -> Processing product batch 31 of 34...
2025-08-30 11:19:27,393 - INFO -   -> Processing product batch 32 of 34...
2025-08-30 11:19:27,892 - INFO -   -> Processing product batch 33 of 34...
2025-08-30 11:19:28,279 - INFO -   -> Processing product batch 34 of 34...
2025-08-30 11:19:28,580 - INFO - ✅ Snapshot for 2025-08-18 complete.
2025-08-30 11:19:28,585 - INFO - 📦 Fetching inventory snapshot for date: 2025-08-19...
2025-08-30 11:19:28,586 - INFO -   -> Processing product batch 1 of 34...
2025-08-30 11:19:29,100 - INFO -   -> Processing product batch 2 of 34...
2025-08-30 11:19:29,623 - INFO -   -> Processing product batch 3 of 34...
2025-08-30 11:19:30,154 - INFO -   -> Processing product batch 4 of 34...
2025-08-30 11:19:30,662 - INFO -   -> Processing product batch 5 of 34...
2025-08-30 11:19:31,176 - INFO -   -> Processing product batch 6 of 34...
2025-08-30 11:19:31,682 - INFO -   -> Processing product batch 7 of 34...
2025-08-30 11:19:32,191 - INFO -   -> Processing product batch 8 of 34...
2025-08-30 11:19:32,710 - INFO -   -> Processing product batch 9 of 34...
2025-08-30 11:19:33,254 - INFO -   -> Processing product batch 10 of 34...
2025-08-30 11:19:33,923 - INFO -   -> Processing product batch 11 of 34...
2025-08-30 11:19:34,445 - INFO -   -> Processing product batch 12 of 34...
2025-08-30 11:19:34,961 - INFO -   -> Processing product batch 13 of 34...
2025-08-30 11:19:35,481 - INFO -   -> Processing product batch 14 of 34...
2025-08-30 11:19:35,999 - INFO -   -> Processing product batch 15 of 34...
2025-08-30 11:19:36,531 - INFO -   -> Processing product batch 16 of 34...
2025-08-30 11:19:37,052 - INFO -   -> Processing product batch 17 of 34...
2025-08-30 11:19:37,574 - INFO -   -> Processing product batch 18 of 34...
2025-08-30 11:19:38,098 - INFO -   -> Processing product batch 19 of 34...
2025-08-30 11:19:38,674 - INFO -   -> Processing product batch 20 of 34...
2025-08-30 11:19:39,091 - INFO -   -> Processing product batch 21 of 34...
2025-08-30 11:19:39,628 - INFO -   -> Processing product batch 22 of 34...
2025-08-30 11:19:40,265 - INFO -   -> Processing product batch 23 of 34...
2025-08-30 11:19:40,820 - INFO -   -> Processing product batch 24 of 34...
2025-08-30 11:19:41,403 - INFO -   -> Processing product batch 25 of 34...
2025-08-30 11:19:41,931 - INFO -   -> Processing product batch 26 of 34...
2025-08-30 11:19:42,444 - INFO -   -> Processing product batch 27 of 34...
2025-08-30 11:19:42,942 - INFO -   -> Processing product batch 28 of 34...
2025-08-30 11:19:43,327 - INFO -   -> Processing product batch 29 of 34...
2025-08-30 11:19:43,823 - INFO -   -> Processing product batch 30 of 34...
2025-08-30 11:19:44,321 - INFO -   -> Processing product batch 31 of 34...
2025-08-30 11:19:44,815 - INFO -   -> Processing product batch 32 of 34...
2025-08-30 11:19:45,321 - INFO -   -> Processing product batch 33 of 34...
2025-08-30 11:19:45,704 - INFO -   -> Processing product batch 34 of 34...
2025-08-30 11:19:46,020 - INFO - ✅ Snapshot for 2025-08-19 complete.
2025-08-30 11:19:46,023 - INFO - 📦 Fetching inventory snapshot for date: 2025-08-20...
2025-08-30 11:19:46,023 - INFO -   -> Processing product batch 1 of 34...
2025-08-30 11:19:46,530 - INFO -   -> Processing product batch 2 of 34...
2025-08-30 11:19:47,050 - INFO -   -> Processing product batch 3 of 34...
2025-08-30 11:19:47,607 - INFO -   -> Processing product batch 4 of 34...
2025-08-30 11:19:48,250 - INFO -   -> Processing product batch 5 of 34...
2025-08-30 11:19:48,773 - INFO -   -> Processing product batch 6 of 34...
2025-08-30 11:19:49,490 - INFO -   -> Processing product batch 7 of 34...
2025-08-30 11:19:49,910 - INFO -   -> Processing product batch 8 of 34...
2025-08-30 11:19:50,375 - INFO -   -> Processing product batch 9 of 34...
2025-08-30 11:19:50,885 - INFO -   -> Processing product batch 10 of 34...
2025-08-30 11:19:52,379 - INFO -   -> Processing product batch 11 of 34...
2025-08-30 11:19:52,955 - INFO -   -> Processing product batch 12 of 34...
2025-08-30 11:19:53,387 - INFO -   -> Processing product batch 13 of 34...
2025-08-30 11:19:54,118 - INFO -   -> Processing product batch 14 of 34...
2025-08-30 11:19:54,587 - INFO -   -> Processing product batch 15 of 34...
2025-08-30 11:19:55,003 - INFO -   -> Processing product batch 16 of 34...
2025-08-30 11:19:55,473 - INFO -   -> Processing product batch 17 of 34...
2025-08-30 11:19:56,097 - INFO -   -> Processing product batch 18 of 34...
2025-08-30 11:19:56,625 - INFO -   -> Processing product batch 19 of 34...
2025-08-30 11:19:57,262 - INFO -   -> Processing product batch 20 of 34...
2025-08-30 11:19:57,893 - INFO -   -> Processing product batch 21 of 34...
2025-08-30 11:19:58,451 - INFO -   -> Processing product batch 22 of 34...
2025-08-30 11:19:59,090 - INFO -   -> Processing product batch 23 of 34...
2025-08-30 11:19:59,636 - INFO -   -> Processing product batch 24 of 34...
2025-08-30 11:20:00,158 - INFO -   -> Processing product batch 25 of 34...
2025-08-30 11:20:00,707 - INFO -   -> Processing product batch 26 of 34...
2025-08-30 11:20:01,240 - INFO -   -> Processing product batch 27 of 34...
2025-08-30 11:20:01,771 - INFO -   -> Processing product batch 28 of 34...
2025-08-30 11:20:02,305 - INFO -   -> Processing product batch 29 of 34...
2025-08-30 11:20:02,809 - INFO -   -> Processing product batch 30 of 34...
2025-08-30 11:20:03,313 - INFO -   -> Processing product batch 31 of 34...
2025-08-30 11:20:03,829 - INFO -   -> Processing product batch 32 of 34...
2025-08-30 11:20:04,486 - INFO -   -> Processing product batch 33 of 34...
2025-08-30 11:20:05,014 - INFO -   -> Processing product batch 34 of 34...
2025-08-30 11:20:05,314 - INFO - ✅ Snapshot for 2025-08-20 complete.
2025-08-30 11:20:06,812 - INFO - Table historical_inventory already exists.
2025-08-30 11:20:06,812 - INFO - Uploading 336300 new rows to staging table: Orders.historical_inventory_staging...
2025-08-30 11:20:33,032 - INFO - 336300 out of 336300 rows loaded.
2025-08-30 11:20:33,033 - INFO - ✅ Data successfully uploaded to staging table.
2025-08-30 11:20:33,033 - INFO - Rebuilding final historical table Orders.historical_inventory...
2025-08-30 11:20:41,017 - INFO - ✅ Rebuild successful. Final historical table is now up-to-date.
2025-08-30 11:22:25,325 - INFO - Authenticating to Odoo...
2025-08-30 11:22:26,198 - INFO - ✅ Odoo authentication successful. UID: 614
2025-08-30 11:22:26,199 - INFO - --- Generating Historical Inventory Snapshots ---
2025-08-30 11:22:26,200 - INFO - --- Period: 2025-08-21 to 2025-08-30 ---
2025-08-30 11:22:26,201 - INFO - Fetching list of all storable products...
2025-08-30 11:22:26,650 - INFO - Found 33638 products to process.
2025-08-30 11:22:26,651 - INFO - 📦 Fetching inventory snapshot for date: 2025-08-21...
2025-08-30 11:22:26,652 - INFO -   -> Processing product batch 1 of 34...
2025-08-30 11:22:27,067 - INFO -   -> Processing product batch 2 of 34...
2025-08-30 11:22:27,475 - INFO -   -> Processing product batch 3 of 34...
2025-08-30 11:22:28,002 - INFO -   -> Processing product batch 4 of 34...
2025-08-30 11:22:28,655 - INFO -   -> Processing product batch 5 of 34...
2025-08-30 11:22:29,173 - INFO -   -> Processing product batch 6 of 34...
2025-08-30 11:22:29,579 - INFO -   -> Processing product batch 7 of 34...
2025-08-30 11:22:30,120 - INFO -   -> Processing product batch 8 of 34...
2025-08-30 11:22:30,655 - INFO -   -> Processing product batch 9 of 34...
2025-08-30 11:22:31,193 - INFO -   -> Processing product batch 10 of 34...
2025-08-30 11:22:31,710 - INFO -   -> Processing product batch 11 of 34...
2025-08-30 11:22:32,232 - INFO -   -> Processing product batch 12 of 34...
2025-08-30 11:22:32,754 - INFO -   -> Processing product batch 13 of 34...
2025-08-30 11:22:33,273 - INFO -   -> Processing product batch 14 of 34...
2025-08-30 11:22:33,790 - INFO -   -> Processing product batch 15 of 34...
2025-08-30 11:22:34,327 - INFO -   -> Processing product batch 16 of 34...
2025-08-30 11:22:34,855 - INFO -   -> Processing product batch 17 of 34...
2025-08-30 11:22:35,390 - INFO -   -> Processing product batch 18 of 34...
2025-08-30 11:22:35,919 - INFO -   -> Processing product batch 19 of 34...
2025-08-30 11:22:36,458 - INFO -   -> Processing product batch 20 of 34...
2025-08-30 11:22:36,980 - INFO -   -> Processing product batch 21 of 34...
2025-08-30 11:22:37,651 - INFO -   -> Processing product batch 22 of 34...
2025-08-30 11:22:38,162 - INFO -   -> Processing product batch 23 of 34...
2025-08-30 11:22:38,688 - INFO -   -> Processing product batch 24 of 34...
2025-08-30 11:22:39,214 - INFO -   -> Processing product batch 25 of 34...
2025-08-30 11:22:39,746 - INFO -   -> Processing product batch 26 of 34...
2025-08-30 11:22:40,306 - INFO -   -> Processing product batch 27 of 34...
2025-08-30 11:22:40,827 - INFO -   -> Processing product batch 28 of 34...
2025-08-30 11:22:41,348 - INFO -   -> Processing product batch 29 of 34...
2025-08-30 11:22:41,875 - INFO -   -> Processing product batch 30 of 34...
2025-08-30 11:22:42,381 - INFO -   -> Processing product batch 31 of 34...
2025-08-30 11:22:42,885 - INFO -   -> Processing product batch 32 of 34...
2025-08-30 11:22:43,408 - INFO -   -> Processing product batch 33 of 34...
2025-08-30 11:22:43,814 - INFO -   -> Processing product batch 34 of 34...
2025-08-30 11:22:44,110 - INFO - ✅ Snapshot for 2025-08-21 complete.
2025-08-30 11:22:44,112 - INFO - 📦 Fetching inventory snapshot for date: 2025-08-22...
2025-08-30 11:22:44,112 - INFO -   -> Processing product batch 1 of 34...
2025-08-30 11:22:44,641 - INFO -   -> Processing product batch 2 of 34...
2025-08-30 11:22:45,158 - INFO -   -> Processing product batch 3 of 34...
2025-08-30 11:22:45,692 - INFO -   -> Processing product batch 4 of 34...
2025-08-30 11:22:46,215 - INFO -   -> Processing product batch 5 of 34...
2025-08-30 11:22:46,867 - INFO -   -> Processing product batch 6 of 34...
2025-08-30 11:22:47,379 - INFO -   -> Processing product batch 7 of 34...
2025-08-30 11:22:47,908 - INFO -   -> Processing product batch 8 of 34...
2025-08-30 11:22:48,435 - INFO -   -> Processing product batch 9 of 34...
2025-08-30 11:22:48,994 - INFO -   -> Processing product batch 10 of 34...
2025-08-30 11:22:49,507 - INFO -   -> Processing product batch 11 of 34...
2025-08-30 11:22:50,038 - INFO -   -> Processing product batch 12 of 34...
2025-08-30 11:22:50,572 - INFO -   -> Processing product batch 13 of 34...
2025-08-30 11:22:51,095 - INFO -   -> Processing product batch 14 of 34...
2025-08-30 11:22:51,628 - INFO -   -> Processing product batch 15 of 34...
2025-08-30 11:22:52,188 - INFO -   -> Processing product batch 16 of 34...
2025-08-30 11:22:52,928 - INFO -   -> Processing product batch 17 of 34...
2025-08-30 11:22:53,681 - INFO -   -> Processing product batch 18 of 34...
2025-08-30 11:22:54,433 - INFO -   -> Processing product batch 19 of 34...
2025-08-30 11:22:55,331 - INFO -   -> Processing product batch 20 of 34...
2025-08-30 11:22:56,246 - INFO -   -> Processing product batch 21 of 34...
2025-08-30 11:22:57,087 - INFO -   -> Processing product batch 22 of 34...
2025-08-30 11:22:57,551 - INFO -   -> Processing product batch 23 of 34...
2025-08-30 11:22:57,985 - INFO -   -> Processing product batch 24 of 34...
2025-08-30 11:22:58,674 - INFO -   -> Processing product batch 25 of 34...
2025-08-30 11:22:59,236 - INFO -   -> Processing product batch 26 of 34...
2025-08-30 11:22:59,767 - INFO -   -> Processing product batch 27 of 34...
2025-08-30 11:23:00,279 - INFO -   -> Processing product batch 28 of 34...
2025-08-30 11:23:00,801 - INFO -   -> Processing product batch 29 of 34...
2025-08-30 11:23:01,330 - INFO -   -> Processing product batch 30 of 34...
2025-08-30 11:23:01,860 - INFO -   -> Processing product batch 31 of 34...
2025-08-30 11:23:02,403 - INFO -   -> Processing product batch 32 of 34...
2025-08-30 11:23:02,925 - INFO -   -> Processing product batch 33 of 34...
2025-08-30 11:23:03,320 - INFO -   -> Processing product batch 34 of 34...
2025-08-30 11:23:03,636 - INFO - ✅ Snapshot for 2025-08-22 complete.
2025-08-30 11:23:03,639 - INFO - 📦 Fetching inventory snapshot for date: 2025-08-23...
2025-08-30 11:23:03,640 - INFO -   -> Processing product batch 1 of 34...
2025-08-30 11:23:04,172 - INFO -   -> Processing product batch 2 of 34...
2025-08-30 11:23:04,728 - INFO -   -> Processing product batch 3 of 34...
2025-08-30 11:23:05,251 - INFO -   -> Processing product batch 4 of 34...
2025-08-30 11:23:05,874 - INFO -   -> Processing product batch 5 of 34...
2025-08-30 11:23:06,393 - INFO -   -> Processing product batch 6 of 34...
2025-08-30 11:23:06,930 - INFO -   -> Processing product batch 7 of 34...
2025-08-30 11:23:07,488 - INFO -   -> Processing product batch 8 of 34...
2025-08-30 11:23:08,040 - INFO -   -> Processing product batch 9 of 34...
2025-08-30 11:23:08,758 - INFO -   -> Processing product batch 10 of 34...
2025-08-30 11:23:09,160 - INFO -   -> Processing product batch 11 of 34...
2025-08-30 11:23:09,564 - INFO -   -> Processing product batch 12 of 34...
2025-08-30 11:23:09,955 - INFO -   -> Processing product batch 13 of 34...
2025-08-30 11:23:10,361 - INFO -   -> Processing product batch 14 of 34...
2025-08-30 11:23:10,788 - INFO -   -> Processing product batch 15 of 34...
2025-08-30 11:23:11,330 - INFO -   -> Processing product batch 16 of 34...
2025-08-30 11:23:11,853 - INFO -   -> Processing product batch 17 of 34...
2025-08-30 11:23:12,373 - INFO -   -> Processing product batch 18 of 34...
2025-08-30 11:23:12,901 - INFO -   -> Processing product batch 19 of 34...
2025-08-30 11:23:13,411 - INFO -   -> Processing product batch 20 of 34...
2025-08-30 11:23:13,831 - INFO -   -> Processing product batch 21 of 34...
2025-08-30 11:23:14,342 - INFO -   -> Processing product batch 22 of 34...
2025-08-30 11:23:14,733 - INFO -   -> Processing product batch 23 of 34...
2025-08-30 11:23:15,235 - INFO -   -> Processing product batch 24 of 34...
2025-08-30 11:23:15,768 - INFO -   -> Processing product batch 25 of 34...
2025-08-30 11:23:16,326 - INFO -   -> Processing product batch 26 of 34...
2025-08-30 11:23:16,864 - INFO -   -> Processing product batch 27 of 34...
2025-08-30 11:23:17,524 - INFO -   -> Processing product batch 28 of 34...
2025-08-30 11:23:18,050 - INFO -   -> Processing product batch 29 of 34...
2025-08-30 11:23:18,597 - INFO -   -> Processing product batch 30 of 34...
2025-08-30 11:23:19,083 - INFO -   -> Processing product batch 31 of 34...
2025-08-30 11:23:19,604 - INFO -   -> Processing product batch 32 of 34...
2025-08-30 11:23:20,160 - INFO -   -> Processing product batch 33 of 34...
2025-08-30 11:23:20,569 - INFO -   -> Processing product batch 34 of 34...
2025-08-30 11:23:20,881 - INFO - ✅ Snapshot for 2025-08-23 complete.
2025-08-30 11:23:20,884 - INFO - 📦 Fetching inventory snapshot for date: 2025-08-24...
2025-08-30 11:23:20,885 - INFO -   -> Processing product batch 1 of 34...
2025-08-30 11:23:21,426 - INFO -   -> Processing product batch 2 of 34...
2025-08-30 11:23:22,074 - INFO -   -> Processing product batch 3 of 34...
2025-08-30 11:23:22,610 - INFO -   -> Processing product batch 4 of 34...
2025-08-30 11:23:23,143 - INFO -   -> Processing product batch 5 of 34...
2025-08-30 11:23:23,671 - INFO -   -> Processing product batch 6 of 34...
2025-08-30 11:23:24,219 - INFO -   -> Processing product batch 7 of 34...
2025-08-30 11:23:24,759 - INFO -   -> Processing product batch 8 of 34...
2025-08-30 11:23:25,312 - INFO -   -> Processing product batch 9 of 34...
2025-08-30 11:23:25,951 - INFO -   -> Processing product batch 10 of 34...
2025-08-30 11:23:26,503 - INFO -   -> Processing product batch 11 of 34...
2025-08-30 11:23:27,039 - INFO -   -> Processing product batch 12 of 34...
2025-08-30 11:23:27,551 - INFO -   -> Processing product batch 13 of 34...
2025-08-30 11:23:28,071 - INFO -   -> Processing product batch 14 of 34...
2025-08-30 11:23:28,599 - INFO -   -> Processing product batch 15 of 34...
2025-08-30 11:23:29,134 - INFO -   -> Processing product batch 16 of 34...
2025-08-30 11:23:29,651 - INFO -   -> Processing product batch 17 of 34...
2025-08-30 11:23:30,164 - INFO -   -> Processing product batch 18 of 34...
2025-08-30 11:23:30,679 - INFO -   -> Processing product batch 19 of 34...
2025-08-30 11:23:31,199 - INFO -   -> Processing product batch 20 of 34...
2025-08-30 11:23:32,436 - INFO -   -> Processing product batch 21 of 34...
2025-08-30 11:23:32,975 - INFO -   -> Processing product batch 22 of 34...
2025-08-30 11:23:33,488 - INFO -   -> Processing product batch 23 of 34...
2025-08-30 11:23:34,108 - INFO -   -> Processing product batch 24 of 34...
2025-08-30 11:23:34,632 - INFO -   -> Processing product batch 25 of 34...
2025-08-30 11:23:35,154 - INFO -   -> Processing product batch 26 of 34...
2025-08-30 11:23:35,787 - INFO -   -> Processing product batch 27 of 34...
2025-08-30 11:23:36,310 - INFO -   -> Processing product batch 28 of 34...
2025-08-30 11:23:36,812 - INFO -   -> Processing product batch 29 of 34...
2025-08-30 11:23:37,303 - INFO -   -> Processing product batch 30 of 34...
2025-08-30 11:23:37,810 - INFO -   -> Processing product batch 31 of 34...
2025-08-30 11:23:38,307 - INFO -   -> Processing product batch 32 of 34...
2025-08-30 11:23:38,821 - INFO -   -> Processing product batch 33 of 34...
2025-08-30 11:23:39,320 - INFO -   -> Processing product batch 34 of 34...
2025-08-30 11:23:39,619 - INFO - ✅ Snapshot for 2025-08-24 complete.
2025-08-30 11:23:39,621 - INFO - 📦 Fetching inventory snapshot for date: 2025-08-25...
2025-08-30 11:23:39,622 - INFO -   -> Processing product batch 1 of 34...
2025-08-30 11:23:40,178 - INFO -   -> Processing product batch 2 of 34...
2025-08-30 11:23:40,843 - INFO -   -> Processing product batch 3 of 34...
2025-08-30 11:23:41,376 - INFO -   -> Processing product batch 4 of 34...
2025-08-30 11:23:41,907 - INFO -   -> Processing product batch 5 of 34...
2025-08-30 11:23:42,453 - INFO -   -> Processing product batch 6 of 34...
2025-08-30 11:23:43,088 - INFO -   -> Processing product batch 7 of 34...
2025-08-30 11:23:43,611 - INFO -   -> Processing product batch 8 of 34...
2025-08-30 11:23:44,130 - INFO -   -> Processing product batch 9 of 34...
2025-08-30 11:23:44,649 - INFO -   -> Processing product batch 10 of 34...
2025-08-30 11:23:45,163 - INFO -   -> Processing product batch 11 of 34...
2025-08-30 11:23:45,771 - INFO -   -> Processing product batch 12 of 34...
2025-08-30 11:23:46,306 - INFO -   -> Processing product batch 13 of 34...
2025-08-30 11:23:46,823 - INFO -   -> Processing product batch 14 of 34...
2025-08-30 11:23:47,349 - INFO -   -> Processing product batch 15 of 34...
2025-08-30 11:23:47,998 - INFO -   -> Processing product batch 16 of 34...
2025-08-30 11:23:48,550 - INFO -   -> Processing product batch 17 of 34...
2025-08-30 11:23:49,126 - INFO -   -> Processing product batch 18 of 34...
2025-08-30 11:23:49,695 - INFO -   -> Processing product batch 19 of 34...
2025-08-30 11:23:50,227 - INFO -   -> Processing product batch 20 of 34...
2025-08-30 11:23:50,744 - INFO -   -> Processing product batch 21 of 34...
2025-08-30 11:23:51,262 - INFO -   -> Processing product batch 22 of 34...
2025-08-30 11:23:51,769 - INFO -   -> Processing product batch 23 of 34...
2025-08-30 11:23:52,291 - INFO -   -> Processing product batch 24 of 34...
2025-08-30 11:23:52,922 - INFO -   -> Processing product batch 25 of 34...
2025-08-30 11:23:53,444 - INFO -   -> Processing product batch 26 of 34...
2025-08-30 11:23:53,958 - INFO -   -> Processing product batch 27 of 34...
2025-08-30 11:23:54,461 - INFO -   -> Processing product batch 28 of 34...
2025-08-30 11:23:55,005 - INFO -   -> Processing product batch 29 of 34...
2025-08-30 11:23:55,546 - INFO -   -> Processing product batch 30 of 34...
2025-08-30 11:23:56,185 - INFO -   -> Processing product batch 31 of 34...
2025-08-30 11:23:56,852 - INFO -   -> Processing product batch 32 of 34...
2025-08-30 11:23:57,437 - INFO -   -> Processing product batch 33 of 34...
2025-08-30 11:23:58,015 - INFO -   -> Processing product batch 34 of 34...
2025-08-30 11:23:58,387 - INFO - ✅ Snapshot for 2025-08-25 complete.
2025-08-30 11:23:58,390 - INFO - 📦 Fetching inventory snapshot for date: 2025-08-26...
2025-08-30 11:23:58,391 - INFO -   -> Processing product batch 1 of 34...
2025-08-30 11:23:58,911 - INFO -   -> Processing product batch 2 of 34...
2025-08-30 11:23:59,437 - INFO -   -> Processing product batch 3 of 34...
2025-08-30 11:23:59,953 - INFO -   -> Processing product batch 4 of 34...
2025-08-30 11:24:00,454 - INFO -   -> Processing product batch 5 of 34...
2025-08-30 11:24:00,970 - INFO -   -> Processing product batch 6 of 34...
2025-08-30 11:24:01,493 - INFO -   -> Processing product batch 7 of 34...
2025-08-30 11:24:02,012 - INFO -   -> Processing product batch 8 of 34...
2025-08-30 11:24:02,538 - INFO -   -> Processing product batch 9 of 34...
2025-08-30 11:24:03,058 - INFO -   -> Processing product batch 10 of 34...
2025-08-30 11:24:03,579 - INFO -   -> Processing product batch 11 of 34...
2025-08-30 11:24:04,201 - INFO -   -> Processing product batch 12 of 34...
2025-08-30 11:24:04,718 - INFO -   -> Processing product batch 13 of 34...
2025-08-30 11:24:05,340 - INFO -   -> Processing product batch 14 of 34...
2025-08-30 11:24:06,655 - INFO -   -> Processing product batch 15 of 34...
2025-08-30 11:24:07,179 - INFO -   -> Processing product batch 16 of 34...
2025-08-30 11:24:07,704 - INFO -   -> Processing product batch 17 of 34...
2025-08-30 11:24:08,220 - INFO -   -> Processing product batch 18 of 34...
2025-08-30 11:24:08,729 - INFO -   -> Processing product batch 19 of 34...
2025-08-30 11:24:09,303 - INFO -   -> Processing product batch 20 of 34...
2025-08-30 11:24:10,049 - INFO -   -> Processing product batch 21 of 34...
2025-08-30 11:24:12,624 - INFO -   -> Processing product batch 22 of 34...
2025-08-30 11:24:14,534 - INFO -   -> Processing product batch 23 of 34...
2025-08-30 11:24:15,548 - INFO -   -> Processing product batch 24 of 34...
2025-08-30 11:24:16,318 - INFO -   -> Processing product batch 25 of 34...
2025-08-30 11:24:16,967 - INFO -   -> Processing product batch 26 of 34...
2025-08-30 11:24:17,481 - INFO -   -> Processing product batch 27 of 34...
2025-08-30 11:24:17,979 - INFO -   -> Processing product batch 28 of 34...
2025-08-30 11:24:18,490 - INFO -   -> Processing product batch 29 of 34...
2025-08-30 11:24:19,005 - INFO -   -> Processing product batch 30 of 34...
2025-08-30 11:24:19,523 - INFO -   -> Processing product batch 31 of 34...
2025-08-30 11:24:20,065 - INFO -   -> Processing product batch 32 of 34...
2025-08-30 11:24:20,554 - INFO -   -> Processing product batch 33 of 34...
2025-08-30 11:24:21,057 - INFO -   -> Processing product batch 34 of 34...
2025-08-30 11:24:21,362 - INFO - ✅ Snapshot for 2025-08-26 complete.
2025-08-30 11:24:21,367 - INFO - 📦 Fetching inventory snapshot for date: 2025-08-27...
2025-08-30 11:24:21,367 - INFO -   -> Processing product batch 1 of 34...
2025-08-30 11:24:21,968 - INFO -   -> Processing product batch 2 of 34...
2025-08-30 11:24:22,511 - INFO -   -> Processing product batch 3 of 34...
2025-08-30 11:24:23,025 - INFO -   -> Processing product batch 4 of 34...
2025-08-30 11:24:23,526 - INFO -   -> Processing product batch 5 of 34...
2025-08-30 11:24:24,168 - INFO -   -> Processing product batch 6 of 34...
2025-08-30 11:24:24,671 - INFO -   -> Processing product batch 7 of 34...
2025-08-30 11:24:25,183 - INFO -   -> Processing product batch 8 of 34...
2025-08-30 11:24:25,697 - INFO -   -> Processing product batch 9 of 34...
2025-08-30 11:24:26,205 - INFO -   -> Processing product batch 10 of 34...
2025-08-30 11:24:26,737 - INFO -   -> Processing product batch 11 of 34...
2025-08-30 11:24:27,249 - INFO -   -> Processing product batch 12 of 34...
2025-08-30 11:24:27,765 - INFO -   -> Processing product batch 13 of 34...
2025-08-30 11:24:28,275 - INFO -   -> Processing product batch 14 of 34...
2025-08-30 11:24:28,923 - INFO -   -> Processing product batch 15 of 34...
2025-08-30 11:24:29,439 - INFO -   -> Processing product batch 16 of 34...
2025-08-30 11:24:29,962 - INFO -   -> Processing product batch 17 of 34...
2025-08-30 11:24:30,473 - INFO -   -> Processing product batch 18 of 34...
2025-08-30 11:24:30,974 - INFO -   -> Processing product batch 19 of 34...
2025-08-30 11:24:31,478 - INFO -   -> Processing product batch 20 of 34...
2025-08-30 11:24:31,983 - INFO -   -> Processing product batch 21 of 34...
2025-08-30 11:24:32,497 - INFO -   -> Processing product batch 22 of 34...
2025-08-30 11:24:33,054 - INFO -   -> Processing product batch 23 of 34...
2025-08-30 11:24:33,602 - INFO -   -> Processing product batch 24 of 34...
2025-08-30 11:24:34,247 - INFO -   -> Processing product batch 25 of 34...
2025-08-30 11:24:34,757 - INFO -   -> Processing product batch 26 of 34...
2025-08-30 11:24:35,255 - INFO -   -> Processing product batch 27 of 34...
2025-08-30 11:24:35,766 - INFO -   -> Processing product batch 28 of 34...
2025-08-30 11:24:36,275 - INFO -   -> Processing product batch 29 of 34...
2025-08-30 11:24:36,852 - INFO -   -> Processing product batch 30 of 34...
2025-08-30 11:24:37,398 - INFO -   -> Processing product batch 31 of 34...
2025-08-30 11:24:37,936 - INFO -   -> Processing product batch 32 of 34...
2025-08-30 11:24:38,459 - INFO -   -> Processing product batch 33 of 34...
2025-08-30 11:24:38,950 - INFO -   -> Processing product batch 34 of 34...
2025-08-30 11:24:39,246 - INFO - ✅ Snapshot for 2025-08-27 complete.
2025-08-30 11:24:39,251 - INFO - 📦 Fetching inventory snapshot for date: 2025-08-28...
2025-08-30 11:24:39,251 - INFO -   -> Processing product batch 1 of 34...
2025-08-30 11:24:39,793 - INFO -   -> Processing product batch 2 of 34...
2025-08-30 11:24:40,307 - INFO -   -> Processing product batch 3 of 34...
2025-08-30 11:24:40,845 - INFO -   -> Processing product batch 4 of 34...
2025-08-30 11:24:41,408 - INFO -   -> Processing product batch 5 of 34...
2025-08-30 11:24:41,926 - INFO -   -> Processing product batch 6 of 34...
2025-08-30 11:24:42,427 - INFO -   -> Processing product batch 7 of 34...
2025-08-30 11:24:42,943 - INFO -   -> Processing product batch 8 of 34...
2025-08-30 11:24:43,557 - INFO -   -> Processing product batch 9 of 34...
2025-08-30 11:24:44,081 - INFO -   -> Processing product batch 10 of 34...
2025-08-30 11:24:44,616 - INFO -   -> Processing product batch 11 of 34...
2025-08-30 11:24:45,183 - INFO -   -> Processing product batch 12 of 34...
2025-08-30 11:24:45,820 - INFO -   -> Processing product batch 13 of 34...
2025-08-30 11:24:46,327 - INFO -   -> Processing product batch 14 of 34...
2025-08-30 11:24:46,865 - INFO -   -> Processing product batch 15 of 34...
2025-08-30 11:24:47,372 - INFO -   -> Processing product batch 16 of 34...
2025-08-30 11:24:47,881 - INFO -   -> Processing product batch 17 of 34...
2025-08-30 11:24:48,467 - INFO -   -> Processing product batch 18 of 34...
2025-08-30 11:24:49,152 - INFO -   -> Processing product batch 19 of 34...
2025-08-30 11:24:49,666 - INFO -   -> Processing product batch 20 of 34...
2025-08-30 11:24:50,241 - INFO -   -> Processing product batch 21 of 34...
2025-08-30 11:24:50,752 - INFO -   -> Processing product batch 22 of 34...
2025-08-30 11:24:51,242 - INFO -   -> Processing product batch 23 of 34...
2025-08-30 11:24:51,748 - INFO -   -> Processing product batch 24 of 34...
2025-08-30 11:24:52,302 - INFO -   -> Processing product batch 25 of 34...
2025-08-30 11:24:52,977 - INFO -   -> Processing product batch 26 of 34...
2025-08-30 11:24:53,544 - INFO -   -> Processing product batch 27 of 34...
2025-08-30 11:24:54,127 - INFO -   -> Processing product batch 28 of 34...
2025-08-30 11:24:54,635 - INFO -   -> Processing product batch 29 of 34...
2025-08-30 11:24:55,139 - INFO -   -> Processing product batch 30 of 34...
2025-08-30 11:24:55,666 - INFO -   -> Processing product batch 31 of 34...
2025-08-30 11:24:56,156 - INFO -   -> Processing product batch 32 of 34...
2025-08-30 11:24:56,663 - INFO -   -> Processing product batch 33 of 34...
2025-08-30 11:24:57,165 - INFO -   -> Processing product batch 34 of 34...
2025-08-30 11:24:57,487 - INFO - ✅ Snapshot for 2025-08-28 complete.
2025-08-30 11:24:57,489 - INFO - 📦 Fetching inventory snapshot for date: 2025-08-29...
2025-08-30 11:24:57,490 - INFO -   -> Processing product batch 1 of 34...
2025-08-30 11:24:58,005 - INFO -   -> Processing product batch 2 of 34...
2025-08-30 11:24:58,513 - INFO -   -> Processing product batch 3 of 34...
2025-08-30 11:24:59,046 - INFO -   -> Processing product batch 4 of 34...
2025-08-30 11:24:59,663 - INFO -   -> Processing product batch 5 of 34...
2025-08-30 11:25:00,164 - INFO -   -> Processing product batch 6 of 34...
2025-08-30 11:25:00,659 - INFO -   -> Processing product batch 7 of 34...
2025-08-30 11:25:01,158 - INFO -   -> Processing product batch 8 of 34...
2025-08-30 11:25:01,656 - INFO -   -> Processing product batch 9 of 34...
2025-08-30 11:25:02,176 - INFO -   -> Processing product batch 10 of 34...
2025-08-30 11:25:02,827 - INFO -   -> Processing product batch 11 of 34...
2025-08-30 11:25:03,447 - INFO -   -> Processing product batch 12 of 34...
2025-08-30 11:25:04,093 - INFO -   -> Processing product batch 13 of 34...
2025-08-30 11:25:04,728 - INFO -   -> Processing product batch 14 of 34...
2025-08-30 11:25:05,363 - INFO -   -> Processing product batch 15 of 34...
2025-08-30 11:25:05,999 - INFO -   -> Processing product batch 16 of 34...
2025-08-30 11:25:06,643 - INFO -   -> Processing product batch 17 of 34...
2025-08-30 11:25:07,270 - INFO -   -> Processing product batch 18 of 34...
2025-08-30 11:25:07,909 - INFO -   -> Processing product batch 19 of 34...
2025-08-30 11:25:08,562 - INFO -   -> Processing product batch 20 of 34...
2025-08-30 11:25:09,138 - INFO -   -> Processing product batch 21 of 34...
2025-08-30 11:25:09,664 - INFO -   -> Processing product batch 22 of 34...
2025-08-30 11:25:10,221 - INFO -   -> Processing product batch 23 of 34...
2025-08-30 11:25:10,621 - INFO -   -> Processing product batch 24 of 34...
2025-08-30 11:25:11,268 - INFO -   -> Processing product batch 25 of 34...
2025-08-30 11:25:11,786 - INFO -   -> Processing product batch 26 of 34...
2025-08-30 11:25:12,329 - INFO -   -> Processing product batch 27 of 34...
2025-08-30 11:25:12,856 - INFO -   -> Processing product batch 28 of 34...
2025-08-30 11:25:13,379 - INFO -   -> Processing product batch 29 of 34...
2025-08-30 11:25:13,906 - INFO -   -> Processing product batch 30 of 34...
2025-08-30 11:25:14,457 - INFO -   -> Processing product batch 31 of 34...
2025-08-30 11:25:15,002 - INFO -   -> Processing product batch 32 of 34...
2025-08-30 11:25:15,552 - INFO -   -> Processing product batch 33 of 34...
2025-08-30 11:25:16,074 - INFO -   -> Processing product batch 34 of 34...
2025-08-30 11:25:16,409 - INFO - ✅ Snapshot for 2025-08-29 complete.
2025-08-30 11:25:16,412 - INFO - 📦 Fetching inventory snapshot for date: 2025-08-30...
2025-08-30 11:25:16,412 - INFO -   -> Processing product batch 1 of 34...
2025-08-30 11:25:16,974 - INFO -   -> Processing product batch 2 of 34...
2025-08-30 11:25:17,492 - INFO -   -> Processing product batch 3 of 34...
2025-08-30 11:25:18,053 - INFO -   -> Processing product batch 4 of 34...
2025-08-30 11:25:18,607 - INFO -   -> Processing product batch 5 of 34...
2025-08-30 11:25:19,151 - INFO -   -> Processing product batch 6 of 34...
2025-08-30 11:25:19,873 - INFO -   -> Processing product batch 7 of 34...
2025-08-30 11:25:20,497 - INFO -   -> Processing product batch 8 of 34...
2025-08-30 11:25:21,059 - INFO -   -> Processing product batch 9 of 34...
2025-08-30 11:25:21,602 - INFO -   -> Processing product batch 10 of 34...
2025-08-30 11:25:22,192 - INFO -   -> Processing product batch 11 of 34...
2025-08-30 11:25:22,775 - INFO -   -> Processing product batch 12 of 34...
2025-08-30 11:25:23,317 - INFO -   -> Processing product batch 13 of 34...
2025-08-30 11:25:23,930 - INFO -   -> Processing product batch 14 of 34...
2025-08-30 11:25:24,476 - INFO -   -> Processing product batch 15 of 34...
2025-08-30 11:25:24,993 - INFO -   -> Processing product batch 16 of 34...
2025-08-30 11:25:25,542 - INFO -   -> Processing product batch 17 of 34...
2025-08-30 11:25:26,103 - INFO -   -> Processing product batch 18 of 34...
2025-08-30 11:25:26,616 - INFO -   -> Processing product batch 19 of 34...
2025-08-30 11:25:27,191 - INFO -   -> Processing product batch 20 of 34...
2025-08-30 11:25:27,728 - INFO -   -> Processing product batch 21 of 34...
2025-08-30 11:25:28,305 - INFO -   -> Processing product batch 22 of 34...
2025-08-30 11:25:28,984 - INFO -   -> Processing product batch 23 of 34...
2025-08-30 11:25:29,679 - INFO -   -> Processing product batch 24 of 34...
2025-08-30 11:25:30,186 - INFO -   -> Processing product batch 25 of 34...
2025-08-30 11:25:30,691 - INFO -   -> Processing product batch 26 of 34...
2025-08-30 11:25:31,246 - INFO -   -> Processing product batch 27 of 34...
2025-08-30 11:25:31,862 - INFO -   -> Processing product batch 28 of 34...
2025-08-30 11:25:32,374 - INFO -   -> Processing product batch 29 of 34...
2025-08-30 11:25:32,879 - INFO -   -> Processing product batch 30 of 34...
2025-08-30 11:25:33,422 - INFO -   -> Processing product batch 31 of 34...
2025-08-30 11:25:33,925 - INFO -   -> Processing product batch 32 of 34...
2025-08-30 11:25:34,408 - INFO -   -> Processing product batch 33 of 34...
2025-08-30 11:25:34,965 - INFO -   -> Processing product batch 34 of 34...
2025-08-30 11:25:35,252 - INFO - ✅ Snapshot for 2025-08-30 complete.
2025-08-30 11:25:36,674 - INFO - Table historical_inventory already exists.
2025-08-30 11:25:36,675 - INFO - Uploading 336380 new rows to staging table: Orders.historical_inventory_staging...
2025-08-30 11:26:00,198 - INFO - 336380 out of 336380 rows loaded.
2025-08-30 11:26:00,199 - INFO - ✅ Data successfully uploaded to staging table.
2025-08-30 11:26:00,200 - INFO - Rebuilding final historical table Orders.historical_inventory...
2025-08-30 11:26:05,383 - INFO - ✅ Rebuild successful. Final historical table is now up-to-date.
